#
# There is insufficient memory for the Java Runtime Environment to continue.
# Native memory allocation (mmap) failed to map 5242880 bytes for G1 virtual space
# Possible reasons:
#   The system is out of physical RAM or swap space
#   The process is running with CompressedOops enabled, and the Java Heap may be blocking the growth of the native heap
# Possible solutions:
#   Reduce memory load on the system
#   Increase physical memory or swap space
#   Check if swap backing store is full
#   Decrease Java heap size (-Xmx/-Xms)
#   Decrease number of Java threads
#   Decrease Java thread stack sizes (-Xss)
#   Set larger code cache with -XX:ReservedCodeCacheSize=
#   JVM is running with Unscaled Compressed Oops mode in which the Java heap is
#     placed in the first 4GB address space. The Java Heap base address is the
#     maximum limit for the native heap growth. Please use -XX:HeapBaseMinAddress
#     to set the Java Heap base and to place the Java Heap above 4GB virtual address.
# This output file may be truncated or incomplete.
#
#  Out of Memory Error (os_windows.cpp:3541), pid=2600, tid=16664
#
# JRE version: OpenJDK Runtime Environment Temurin-17.0.4.1+1 (17.0.4.1+1) (build 17.0.4.1+1)
# Java VM: OpenJDK 64-Bit Server VM Temurin-17.0.4.1+1 (17.0.4.1+1, mixed mode, emulated-client, tiered, compressed oops, compressed class ptrs, g1 gc, windows-amd64)
# No core dump will be written. Minidumps are not enabled by default on client versions of Windows
#

---------------  S U M M A R Y ------------

Command Line: -Dsts.lsp.client=vscode -Dsts.log.file=/dev/null -XX:TieredStopAtLevel=1 -Xlog:jni+resolve=off -Dspring.config.location=file:c:\Users\PRANIT\.vscode\extensions\pivotal.vscode-spring-boot-1.40.0\language-server\BOOT-INF\classes\application.properties org.springframework.ide.vscode.boot.app.BootLanguageServerBootApp

Host: Intel(R) Pentium(R) Silver N5030 CPU @ 1.10GHz, 4 cores, 3G,  Windows 10 , 64 bit Build 19041 (10.0.19041.2251)
Time: Fri Dec  2 22:48:06 2022 India Standard Time elapsed time: 12.905688 seconds (0d 0h 0m 12s)

---------------  T H R E A D  ---------------

Current thread (0x0000016cee22fbd0):  VMThread "VM Thread" [stack: 0x00000014ede00000,0x00000014edf00000] [id=16664]

Stack: [0x00000014ede00000,0x00000014edf00000]
Native frames: (J=compiled Java code, j=interpreted, Vv=VM code, C=native code)
V  [jvm.dll+0x67731a]
V  [jvm.dll+0x832284]
V  [jvm.dll+0x833a2e]
V  [jvm.dll+0x834093]
V  [jvm.dll+0x245775]
V  [jvm.dll+0x674209]
V  [jvm.dll+0x668a92]
V  [jvm.dll+0x30471b]
V  [jvm.dll+0x30bc66]
V  [jvm.dll+0x35ba9e]
V  [jvm.dll+0x35bccf]
V  [jvm.dll+0x2db5b8]
V  [jvm.dll+0x2d986c]
V  [jvm.dll+0x2d8e3c]
V  [jvm.dll+0x31cd9b]
V  [jvm.dll+0x83853b]
V  [jvm.dll+0x839274]
V  [jvm.dll+0x83978c]
V  [jvm.dll+0x839b64]
V  [jvm.dll+0x839c30]
V  [jvm.dll+0x7e240a]
V  [jvm.dll+0x6761a5]
C  [ucrtbase.dll+0x21bb2]
C  [KERNEL32.DLL+0x174b4]
C  [ntdll.dll+0x526a1]

VM_Operation (0x00000014ef4fd150): G1CollectForAllocation, mode: safepoint, requested by thread 0x0000016cef3f0f30


---------------  P R O C E S S  ---------------

Threads class SMR info:
_java_thread_list=0x0000016cf0d54ac0, length=26, elements={
0x0000016ce3fa97d0, 0x0000016cee24a680, 0x0000016ce3fac620, 0x0000016ce3fad1a0,
0x0000016ce3faea70, 0x0000016cee287410, 0x0000016cee287d80, 0x0000016cee288680,
0x0000016ceedb74b0, 0x0000016ceedc1f40, 0x0000016cef447320, 0x0000016cf0a6c050,
0x0000016cf0a6c520, 0x0000016ce3eda160, 0x0000016cf06740e0, 0x0000016cf0b35e20,
0x0000016cf0b362f0, 0x0000016cf0cd2900, 0x0000016cef3f0f30, 0x0000016cef3f1400,
0x0000016cef42a540, 0x0000016cef42a070, 0x0000016cef42aa10, 0x0000016cef42aee0,
0x0000016cef42bd50, 0x0000016cef42c220
}

Java Threads: ( => current thread )
  0x0000016ce3fa97d0 JavaThread "Reference Handler" daemon [_thread_blocked, id=3300, stack(0x00000014edf00000,0x00000014ee000000)]
  0x0000016cee24a680 JavaThread "Finalizer" daemon [_thread_blocked, id=17372, stack(0x00000014ee000000,0x00000014ee100000)]
  0x0000016ce3fac620 JavaThread "Signal Dispatcher" daemon [_thread_blocked, id=21428, stack(0x00000014ee100000,0x00000014ee200000)]
  0x0000016ce3fad1a0 JavaThread "Attach Listener" daemon [_thread_blocked, id=7636, stack(0x00000014ee200000,0x00000014ee300000)]
  0x0000016ce3faea70 JavaThread "Service Thread" daemon [_thread_blocked, id=15064, stack(0x00000014ee300000,0x00000014ee400000)]
  0x0000016cee287410 JavaThread "Monitor Deflation Thread" daemon [_thread_blocked, id=5256, stack(0x00000014ee400000,0x00000014ee500000)]
  0x0000016cee287d80 JavaThread "C1 CompilerThread0" daemon [_thread_blocked, id=17592, stack(0x00000014ee500000,0x00000014ee600000)]
  0x0000016cee288680 JavaThread "Sweeper thread" daemon [_thread_blocked, id=11784, stack(0x00000014ee600000,0x00000014ee700000)]
  0x0000016ceedb74b0 JavaThread "Notification Thread" daemon [_thread_blocked, id=10444, stack(0x00000014ee700000,0x00000014ee800000)]
  0x0000016ceedc1f40 JavaThread "Common-Cleaner" daemon [_thread_blocked, id=7884, stack(0x00000014ee900000,0x00000014eea00000)]
  0x0000016cef447320 JavaThread "boundedElastic-evictor-1" daemon [_thread_blocked, id=2340, stack(0x00000014eed00000,0x00000014eee00000)]
  0x0000016cf0a6c050 JavaThread "pool-9-thread-1" [_thread_blocked, id=10644, stack(0x00000014eee00000,0x00000014eef00000)]
  0x0000016cf0a6c520 JavaThread "LanguageServerApp-lifecycle" [_thread_blocked, id=11280, stack(0x00000014eef00000,0x00000014ef000000)]
  0x0000016ce3eda160 JavaThread "DestroyJavaVM" [_thread_blocked, id=22244, stack(0x00000014ed800000,0x00000014ed900000)]
  0x0000016cf06740e0 JavaThread "pool-10-thread-1" [_thread_in_native, id=20372, stack(0x00000014ef000000,0x00000014ef100000)]
  0x0000016cf0b35e20 JavaThread "Simple-Language-Server main thread" daemon [_thread_blocked, id=8988, stack(0x00000014ef100000,0x00000014ef200000)]
  0x0000016cf0b362f0 JavaThread "ForkJoinPool.commonPool-worker-1" daemon [_thread_blocked, id=20528, stack(0x00000014ef200000,0x00000014ef300000)]
  0x0000016cf0cd2900 JavaThread "ClassGraph-worker-0" daemon [_thread_blocked, id=16752, stack(0x00000014ef300000,0x00000014ef400000)]
  0x0000016cef3f0f30 JavaThread "ClassGraph-worker-1" daemon [_thread_blocked, id=18128, stack(0x00000014ef400000,0x00000014ef500000)]
  0x0000016cef3f1400 JavaThread "ClassGraph-worker-2" daemon [_thread_blocked, id=17084, stack(0x00000014ef500000,0x00000014ef600000)]
  0x0000016cef42a540 JavaThread "ClassGraph-worker-3" daemon [_thread_blocked, id=22136, stack(0x00000014ef600000,0x00000014ef700000)]
  0x0000016cef42a070 JavaThread "ClassGraph-worker-4" daemon [_thread_blocked, id=14168, stack(0x00000014ef700000,0x00000014ef800000)]
  0x0000016cef42aa10 JavaThread "ClassGraph-worker-5" daemon [_thread_blocked, id=7628, stack(0x00000014ef800000,0x00000014ef900000)]
  0x0000016cef42aee0 JavaThread "ClassGraph-worker-6" daemon [_thread_blocked, id=11232, stack(0x00000014ef900000,0x00000014efa00000)]
  0x0000016cef42bd50 JavaThread "ClassGraph-worker-7" daemon [_thread_blocked, id=19184, stack(0x00000014efa00000,0x00000014efb00000)]
  0x0000016cef42c220 JavaThread "parallel-1" daemon [_thread_blocked, id=15092, stack(0x00000014efb00000,0x00000014efc00000)]

Other Threads:
=>0x0000016cee22fbd0 VMThread "VM Thread" [stack: 0x00000014ede00000,0x00000014edf00000] [id=16664]
  0x0000016ceedb7980 WatcherThread [stack: 0x00000014ee800000,0x00000014ee900000] [id=18764]
  0x0000016ce3f10650 GCTaskThread "GC Thread#0" [stack: 0x00000014ed900000,0x00000014eda00000] [id=20752]
  0x0000016cef603640 GCTaskThread "GC Thread#1" [stack: 0x00000014eea00000,0x00000014eeb00000] [id=17288]
  0x0000016cef60fe60 GCTaskThread "GC Thread#2" [stack: 0x00000014eeb00000,0x00000014eec00000] [id=15900]
  0x0000016cef6fe760 GCTaskThread "GC Thread#3" [stack: 0x00000014eec00000,0x00000014eed00000] [id=14380]
  0x0000016ce3f18e20 ConcurrentGCThread "G1 Main Marker" [stack: 0x00000014eda00000,0x00000014edb00000] [id=11240]
  0x0000016ce3f1bf00 ConcurrentGCThread "G1 Conc#0" [stack: 0x00000014edb00000,0x00000014edc00000] [id=16284]
  0x0000016ce3f5bae0 ConcurrentGCThread "G1 Refine#0" [stack: 0x00000014edc00000,0x00000014edd00000] [id=17884]
  0x0000016ce3f5c410 ConcurrentGCThread "G1 Service" [stack: 0x00000014edd00000,0x00000014ede00000] [id=16732]

Threads with active compile tasks:
C1 CompilerThread0    12951 3327       1       jdk.internal.jimage.ImageLocation::getFullName (6 bytes)

VM state: at safepoint (normal execution)

VM Mutex/Monitor currently owned by a thread:  ([mutex/lock_event])
[0x0000016ce1de7690] Threads_lock - owner thread: 0x0000016cee22fbd0
[0x0000016ce3ed8750] Heap_lock - owner thread: 0x0000016cef3f0f30

Heap address: 0x00000000c3400000, size: 972 MB, Compressed Oops mode: 32-bit

CDS archive(s) not mapped
Compressed class space mapped at: 0x0000000100000000-0x0000000140000000, reserved size: 1073741824
Narrow klass base: 0x0000000000000000, Narrow klass shift: 3, Narrow klass range: 0x140000000

GC Precious Log:
 CPUs: 4 total, 4 available
 Memory: 3885M
 Large Page Support: Disabled
 NUMA Support: Disabled
 Compressed Oops: Enabled (32-bit)
 Heap Region Size: 1M
 Heap Min Capacity: 8M
 Heap Initial Capacity: 62M
 Heap Max Capacity: 972M
 Pre-touch: Disabled
 Parallel Workers: 4
 Concurrent Workers: 1
 Concurrent Refinement Workers: 4
 Periodic GC: Disabled

Heap:
 garbage-first heap   total 63488K, used 27266K [0x00000000c3400000, 0x0000000100000000)
  region size 1024K, 2 young (2048K), 2 survivors (2048K)
 Metaspace       used 35150K, committed 35456K, reserved 1081344K
  class space    used 4547K, committed 4672K, reserved 1048576K

Heap Regions: E=young(eden), S=young(survivor), O=old, HS=humongous(starts), HC=humongous(continues), CS=collection set, F=free, OA=open archive, CA=closed archive, TAMS=top-at-mark-start (previous, next)
|   0|0x00000000c3400000, 0x00000000c3500000, 0x00000000c3500000|100%| O|  |TAMS 0x00000000c3500000, 0x00000000c3500000| Untracked 
|   1|0x00000000c3500000, 0x00000000c3600000, 0x00000000c3600000|100%| O|  |TAMS 0x00000000c3600000, 0x00000000c3600000| Untracked 
|   2|0x00000000c3600000, 0x00000000c3700000, 0x00000000c3700000|100%| O|  |TAMS 0x00000000c3700000, 0x00000000c3700000| Untracked 
|   3|0x00000000c3700000, 0x00000000c3800000, 0x00000000c3800000|100%| O|  |TAMS 0x00000000c3800000, 0x00000000c3800000| Untracked 
|   4|0x00000000c3800000, 0x00000000c3900000, 0x00000000c3900000|100%| O|  |TAMS 0x00000000c3900000, 0x00000000c3900000| Untracked 
|   5|0x00000000c3900000, 0x00000000c3a00000, 0x00000000c3a00000|100%| O|  |TAMS 0x00000000c3a00000, 0x00000000c3a00000| Untracked 
|   6|0x00000000c3a00000, 0x00000000c3b00000, 0x00000000c3b00000|100%| O|  |TAMS 0x00000000c3b00000, 0x00000000c3b00000| Untracked 
|   7|0x00000000c3b00000, 0x00000000c3c00000, 0x00000000c3c00000|100%| O|  |TAMS 0x00000000c3b25400, 0x00000000c3c00000| Untracked 
|   8|0x00000000c3c00000, 0x00000000c3d00000, 0x00000000c3d00000|100%| O|  |TAMS 0x00000000c3c00000, 0x00000000c3d00000| Untracked 
|   9|0x00000000c3d00000, 0x00000000c3e00000, 0x00000000c3e00000|100%| O|  |TAMS 0x00000000c3d00000, 0x00000000c3e00000| Untracked 
|  10|0x00000000c3e00000, 0x00000000c3f00000, 0x00000000c3f00000|100%| O|  |TAMS 0x00000000c3e00000, 0x00000000c3f00000| Untracked 
|  11|0x00000000c3f00000, 0x00000000c4000000, 0x00000000c4000000|100%| O|  |TAMS 0x00000000c3f00000, 0x00000000c4000000| Untracked 
|  12|0x00000000c4000000, 0x00000000c4100000, 0x00000000c4100000|100%| O|  |TAMS 0x00000000c4000000, 0x00000000c4100000| Untracked 
|  13|0x00000000c4100000, 0x00000000c4200000, 0x00000000c4200000|100%| O|  |TAMS 0x00000000c4100000, 0x00000000c4200000| Untracked 
|  14|0x00000000c4200000, 0x00000000c4300000, 0x00000000c4300000|100%| O|  |TAMS 0x00000000c4200000, 0x00000000c4300000| Untracked 
|  15|0x00000000c4300000, 0x00000000c4400000, 0x00000000c4400000|100%| O|  |TAMS 0x00000000c4300000, 0x00000000c4400000| Untracked 
|  16|0x00000000c4400000, 0x00000000c4500000, 0x00000000c4500000|100%| O|  |TAMS 0x00000000c4400000, 0x00000000c4500000| Untracked 
|  17|0x00000000c4500000, 0x00000000c4600000, 0x00000000c4600000|100%| O|  |TAMS 0x00000000c4500000, 0x00000000c4600000| Untracked 
|  18|0x00000000c4600000, 0x00000000c4700000, 0x00000000c4700000|100%| O|  |TAMS 0x00000000c4600000, 0x00000000c4700000| Untracked 
|  19|0x00000000c4700000, 0x00000000c4800000, 0x00000000c4800000|100%| O|  |TAMS 0x00000000c4700000, 0x00000000c4800000| Untracked 
|  20|0x00000000c4800000, 0x00000000c4900000, 0x00000000c4900000|100%| O|  |TAMS 0x00000000c4800000, 0x00000000c4900000| Untracked 
|  21|0x00000000c4900000, 0x00000000c4a00000, 0x00000000c4a00000|100%| O|  |TAMS 0x00000000c4900000, 0x00000000c4a00000| Untracked 
|  22|0x00000000c4a00000, 0x00000000c4b00000, 0x00000000c4b00000|100%| O|  |TAMS 0x00000000c4a00000, 0x00000000c4a00000| Untracked 
|  23|0x00000000c4b00000, 0x00000000c4c00000, 0x00000000c4c00000|100%| O|  |TAMS 0x00000000c4b00000, 0x00000000c4b00000| Untracked 
|  24|0x00000000c4c00000, 0x00000000c4ca0a00, 0x00000000c4d00000| 62%| O|  |TAMS 0x00000000c4c00000, 0x00000000c4c00000| Untracked 
|  25|0x00000000c4d00000, 0x00000000c4d00000, 0x00000000c4e00000|  0%| F|  |TAMS 0x00000000c4d00000, 0x00000000c4d00000| Untracked 
|  26|0x00000000c4e00000, 0x00000000c4e00000, 0x00000000c4f00000|  0%| F|  |TAMS 0x00000000c4e00000, 0x00000000c4e00000| Untracked 
|  27|0x00000000c4f00000, 0x00000000c4f00000, 0x00000000c5000000|  0%| F|  |TAMS 0x00000000c4f00000, 0x00000000c4f00000| Untracked 
|  28|0x00000000c5000000, 0x00000000c5000000, 0x00000000c5100000|  0%| F|  |TAMS 0x00000000c5000000, 0x00000000c5000000| Untracked 
|  29|0x00000000c5100000, 0x00000000c5100000, 0x00000000c5200000|  0%| F|  |TAMS 0x00000000c5100000, 0x00000000c5100000| Untracked 
|  30|0x00000000c5200000, 0x00000000c5200000, 0x00000000c5300000|  0%| F|  |TAMS 0x00000000c5200000, 0x00000000c5200000| Untracked 
|  31|0x00000000c5300000, 0x00000000c5300000, 0x00000000c5400000|  0%| F|  |TAMS 0x00000000c5300000, 0x00000000c5300000| Untracked 
|  32|0x00000000c5400000, 0x00000000c5400000, 0x00000000c5500000|  0%| F|  |TAMS 0x00000000c5400000, 0x00000000c5400000| Untracked 
|  33|0x00000000c5500000, 0x00000000c5500000, 0x00000000c5600000|  0%| F|  |TAMS 0x00000000c5500000, 0x00000000c5500000| Untracked 
|  34|0x00000000c5600000, 0x00000000c5700000, 0x00000000c5700000|100%| S|CS|TAMS 0x00000000c5600000, 0x00000000c5600000| Complete 
|  35|0x00000000c5700000, 0x00000000c5800000, 0x00000000c5800000|100%| S|CS|TAMS 0x00000000c5700000, 0x00000000c5700000| Complete 
|  36|0x00000000c5800000, 0x00000000c5800000, 0x00000000c5900000|  0%| F|  |TAMS 0x00000000c5800000, 0x00000000c5800000| Untracked 
|  37|0x00000000c5900000, 0x00000000c5900000, 0x00000000c5a00000|  0%| F|  |TAMS 0x00000000c5900000, 0x00000000c5900000| Untracked 
|  38|0x00000000c5a00000, 0x00000000c5a00000, 0x00000000c5b00000|  0%| F|  |TAMS 0x00000000c5a00000, 0x00000000c5a00000| Untracked 
|  39|0x00000000c5b00000, 0x00000000c5b00000, 0x00000000c5c00000|  0%| F|  |TAMS 0x00000000c5b00000, 0x00000000c5b00000| Untracked 
|  40|0x00000000c5c00000, 0x00000000c5c00000, 0x00000000c5d00000|  0%| F|  |TAMS 0x00000000c5c00000, 0x00000000c5c00000| Untracked 
|  41|0x00000000c5d00000, 0x00000000c5d00000, 0x00000000c5e00000|  0%| F|  |TAMS 0x00000000c5d00000, 0x00000000c5d00000| Untracked 
|  42|0x00000000c5e00000, 0x00000000c5e00000, 0x00000000c5f00000|  0%| F|  |TAMS 0x00000000c5e00000, 0x00000000c5e00000| Untracked 
|  43|0x00000000c5f00000, 0x00000000c5f00000, 0x00000000c6000000|  0%| F|  |TAMS 0x00000000c5f00000, 0x00000000c5f00000| Untracked 
|  44|0x00000000c6000000, 0x00000000c6000000, 0x00000000c6100000|  0%| F|  |TAMS 0x00000000c6000000, 0x00000000c6000000| Untracked 
|  45|0x00000000c6100000, 0x00000000c6100000, 0x00000000c6200000|  0%| F|  |TAMS 0x00000000c6100000, 0x00000000c6100000| Untracked 
|  46|0x00000000c6200000, 0x00000000c6200000, 0x00000000c6300000|  0%| F|  |TAMS 0x00000000c6200000, 0x00000000c6200000| Untracked 
|  47|0x00000000c6300000, 0x00000000c6300000, 0x00000000c6400000|  0%| F|  |TAMS 0x00000000c6300000, 0x00000000c6300000| Untracked 
|  48|0x00000000c6400000, 0x00000000c6400000, 0x00000000c6500000|  0%| F|  |TAMS 0x00000000c6400000, 0x00000000c6400000| Untracked 
|  49|0x00000000c6500000, 0x00000000c6500000, 0x00000000c6600000|  0%| F|  |TAMS 0x00000000c6500000, 0x00000000c6500000| Untracked 
|  50|0x00000000c6600000, 0x00000000c6600000, 0x00000000c6700000|  0%| F|  |TAMS 0x00000000c6600000, 0x00000000c6600000| Untracked 
|  51|0x00000000c6700000, 0x00000000c6700000, 0x00000000c6800000|  0%| F|  |TAMS 0x00000000c6700000, 0x00000000c6700000| Untracked 
|  52|0x00000000c6800000, 0x00000000c6800000, 0x00000000c6900000|  0%| F|  |TAMS 0x00000000c6800000, 0x00000000c6800000| Untracked 
|  53|0x00000000c6900000, 0x00000000c6900000, 0x00000000c6a00000|  0%| F|  |TAMS 0x00000000c6900000, 0x00000000c6900000| Untracked 
|  54|0x00000000c6a00000, 0x00000000c6a00000, 0x00000000c6b00000|  0%| F|  |TAMS 0x00000000c6a00000, 0x00000000c6a00000| Untracked 
|  55|0x00000000c6b00000, 0x00000000c6b00000, 0x00000000c6c00000|  0%| F|  |TAMS 0x00000000c6b00000, 0x00000000c6b00000| Untracked 
|  56|0x00000000c6c00000, 0x00000000c6c00000, 0x00000000c6d00000|  0%| F|  |TAMS 0x00000000c6c00000, 0x00000000c6c00000| Untracked 
|  57|0x00000000c6d00000, 0x00000000c6d00000, 0x00000000c6e00000|  0%| F|  |TAMS 0x00000000c6d00000, 0x00000000c6d00000| Untracked 
|  58|0x00000000c6e00000, 0x00000000c6e00000, 0x00000000c6f00000|  0%| F|  |TAMS 0x00000000c6e00000, 0x00000000c6e00000| Untracked 
|  59|0x00000000c6f00000, 0x00000000c6f00000, 0x00000000c7000000|  0%| F|  |TAMS 0x00000000c6f00000, 0x00000000c6f00000| Untracked 
|  60|0x00000000c7000000, 0x00000000c7000000, 0x00000000c7100000|  0%| F|  |TAMS 0x00000000c7000000, 0x00000000c7000000| Untracked 
|  61|0x00000000c7100000, 0x00000000c7100000, 0x00000000c7200000|  0%| F|  |TAMS 0x00000000c7100000, 0x00000000c7100000| Untracked 

Card table byte_map: [0x0000016ce9b70000,0x0000016ce9d60000] _byte_map_base: 0x0000016ce9556000

Marking Bits (Prev, Next): (CMBitMap*) 0x0000016ce3f10bb0, (CMBitMap*) 0x0000016ce3f10b70
 Prev Bits: [0x0000016ceae80000, 0x0000016cebdb0000)
 Next Bits: [0x0000016ce9f50000, 0x0000016ceae80000)

Polling page: 0x0000016ce36b0000

Metaspace:

Usage:
  Non-class:     29.89 MB used.
      Class:      4.44 MB used.
       Both:     34.33 MB used.

Virtual space:
  Non-class space:       32.00 MB reserved,      30.06 MB ( 94%) committed,  4 nodes.
      Class space:        1.00 GB reserved,       4.56 MB ( <1%) committed,  1 nodes.
             Both:        1.03 GB reserved,      34.62 MB (  3%) committed. 

Chunk freelists:
   Non-Class:  1.80 MB
       Class:  3.38 MB
        Both:  5.17 MB

MaxMetaspaceSize: unlimited
CompressedClassSpaceSize: 1.00 GB
Initial GC threshold: 21.00 MB
Current GC threshold: 35.12 MB
CDS: off
MetaspaceReclaimPolicy: balanced
 - commit_granule_bytes: 65536.
 - commit_granule_words: 8192.
 - virtual_space_node_default_size: 1048576.
 - enlarge_chunks_in_place: 1.
 - new_chunks_are_fully_committed: 0.
 - uncommit_free_chunks: 1.
 - use_allocation_guard: 0.
 - handle_deallocations: 1.


Internal statistics:

num_allocs_failed_limit: 3.
num_arena_births: 332.
num_arena_deaths: 0.
num_vsnodes_births: 5.
num_vsnodes_deaths: 0.
num_space_committed: 554.
num_space_uncommitted: 0.
num_chunks_returned_to_freelist: 3.
num_chunks_taken_from_freelist: 1326.
num_chunk_merges: 3.
num_chunk_splits: 891.
num_chunks_enlarged: 710.
num_purges: 0.
num_inconsistent_stats: 0.

CodeCache: size=49152Kb used=6604Kb max_used=6604Kb free=42547Kb
 bounds [0x0000016ce6b70000, 0x0000016ce71f0000, 0x0000016ce9b70000]
 total_blobs=3839 nmethods=3324 adapters=443
 compilation: enabled
              stopped_count=0, restarted_count=0
 full_count=0

Compilation events (20 events):
Event: 12.890 Thread 0x0000016cee287d80 nmethod 3318 0x0000016ce71deb90 code [0x0000016ce71dee20, 0x0000016ce71df648]
Event: 12.890 Thread 0x0000016cee287d80 3314       1       jdk.internal.jimage.BasicImageReader::getAttributes (35 bytes)
Event: 12.890 Thread 0x0000016cee287d80 nmethod 3314 0x0000016ce71dfa90 code [0x0000016ce71dfc40, 0x0000016ce71dfdd8]
Event: 12.891 Thread 0x0000016cee287d80 3317       1       jdk.internal.jimage.ImageLocation::<init> (27 bytes)
Event: 12.891 Thread 0x0000016cee287d80 nmethod 3317 0x0000016ce71dff10 code [0x0000016ce71e00c0, 0x0000016ce71e03b8]
Event: 12.891 Thread 0x0000016cee287d80 3319   !   1       jdk.internal.jimage.ImageReader$SharedImageReader::imageFileAttributes (46 bytes)
Event: 12.891 Thread 0x0000016cee287d80 nmethod 3319 0x0000016ce71e0510 code [0x0000016ce71e06e0, 0x0000016ce71e09e8]
Event: 12.891 Thread 0x0000016cee287d80 3320       1       java.nio.ByteBufferAsIntBufferL::get (31 bytes)
Event: 12.892 Thread 0x0000016cee287d80 nmethod 3320 0x0000016ce71e0c10 code [0x0000016ce71e0de0, 0x0000016ce71e1088]
Event: 12.892 Thread 0x0000016cee287d80 3321       1       jdk.internal.jimage.ImageReader$Node::<init> (27 bytes)
Event: 12.893 Thread 0x0000016cee287d80 nmethod 3321 0x0000016ce71e1290 code [0x0000016ce71e1440, 0x0000016ce71e1738]
Event: 12.893 Thread 0x0000016cee287d80 3323       1       jdk.internal.jimage.BasicImageReader::getLocation (6 bytes)
Event: 12.893 Thread 0x0000016cee287d80 nmethod 3323 0x0000016ce71e1890 code [0x0000016ce71e1a60, 0x0000016ce71e1da8]
Event: 12.893 Thread 0x0000016cee287d80 3324       1       jdk.internal.jimage.ImageLocation::readFrom (26 bytes)
Event: 12.894 Thread 0x0000016cee287d80 nmethod 3324 0x0000016ce71e1f10 code [0x0000016ce71e2100, 0x0000016ce71e2588]
Event: 12.894 Thread 0x0000016cee287d80 3325       1       jdk.internal.jimage.ImageReader$SharedImageReader$$Lambda$530/0x0000000100464c70::visit (13 bytes)
Event: 12.894 Thread 0x0000016cee287d80 nmethod 3325 0x0000016ce71e2810 code [0x0000016ce71e29a0, 0x0000016ce71e2a88]
Event: 12.894 Thread 0x0000016cee287d80 3326       1       jdk.internal.jimage.ImageReader$SharedImageReader::lambda$handleModulesSubTree$1 (43 bytes)
Event: 12.895 Thread 0x0000016cee287d80 nmethod 3326 0x0000016ce71e2b10 code [0x0000016ce71e2d20, 0x0000016ce71e30d8]
Event: 12.895 Thread 0x0000016cee287d80 3327       1       jdk.internal.jimage.ImageLocation::getFullName (6 bytes)

GC Heap History (20 events):
Event: 2.428 GC heap after
{Heap after GC invocations=2 (full 0):
 garbage-first heap   total 63488K, used 8389K [0x00000000c3400000, 0x0000000100000000)
  region size 1024K, 2 young (2048K), 2 survivors (2048K)
 Metaspace       used 10340K, committed 10560K, reserved 1064960K
  class space    used 1172K, committed 1280K, reserved 1048576K
}
Event: 3.844 GC heap before
{Heap before GC invocations=2 (full 0):
 garbage-first heap   total 63488K, used 26821K [0x00000000c3400000, 0x0000000100000000)
  region size 1024K, 20 young (20480K), 2 survivors (2048K)
 Metaspace       used 15915K, committed 16128K, reserved 1064960K
  class space    used 1915K, committed 2048K, reserved 1048576K
}
Event: 3.856 GC heap after
{Heap after GC invocations=3 (full 0):
 garbage-first heap   total 63488K, used 10389K [0x00000000c3400000, 0x0000000100000000)
  region size 1024K, 3 young (3072K), 3 survivors (3072K)
 Metaspace       used 15915K, committed 16128K, reserved 1064960K
  class space    used 1915K, committed 2048K, reserved 1048576K
}
Event: 5.204 GC heap before
{Heap before GC invocations=3 (full 0):
 garbage-first heap   total 63488K, used 32917K [0x00000000c3400000, 0x0000000100000000)
  region size 1024K, 26 young (26624K), 3 survivors (3072K)
 Metaspace       used 21328K, committed 21504K, reserved 1073152K
  class space    used 2591K, committed 2688K, reserved 1048576K
}
Event: 5.213 GC heap after
{Heap after GC invocations=4 (full 0):
 garbage-first heap   total 63488K, used 11796K [0x00000000c3400000, 0x0000000100000000)
  region size 1024K, 4 young (4096K), 4 survivors (4096K)
 Metaspace       used 21328K, committed 21504K, reserved 1073152K
  class space    used 2591K, committed 2688K, reserved 1048576K
}
Event: 6.615 GC heap before
{Heap before GC invocations=5 (full 0):
 garbage-first heap   total 48128K, used 35348K [0x00000000c3400000, 0x0000000100000000)
  region size 1024K, 28 young (28672K), 4 survivors (4096K)
 Metaspace       used 25063K, committed 25216K, reserved 1073152K
  class space    used 3075K, committed 3136K, reserved 1048576K
}
Event: 6.625 GC heap after
{Heap after GC invocations=6 (full 0):
 garbage-first heap   total 48128K, used 13353K [0x00000000c3400000, 0x0000000100000000)
  region size 1024K, 3 young (3072K), 3 survivors (3072K)
 Metaspace       used 25063K, committed 25216K, reserved 1073152K
  class space    used 3075K, committed 3136K, reserved 1048576K
}
Event: 6.705 GC heap before
{Heap before GC invocations=6 (full 0):
 garbage-first heap   total 48128K, used 14377K [0x00000000c3400000, 0x0000000100000000)
  region size 1024K, 4 young (4096K), 3 survivors (3072K)
 Metaspace       used 25325K, committed 25600K, reserved 1073152K
  class space    used 3105K, committed 3264K, reserved 1048576K
}
Event: 6.715 GC heap after
{Heap after GC invocations=7 (full 0):
 garbage-first heap   total 48128K, used 13777K [0x00000000c3400000, 0x0000000100000000)
  region size 1024K, 1 young (1024K), 1 survivors (1024K)
 Metaspace       used 25325K, committed 25600K, reserved 1073152K
  class space    used 3105K, committed 3264K, reserved 1048576K
}
Event: 8.011 GC heap before
{Heap before GC invocations=7 (full 0):
 garbage-first heap   total 48128K, used 31185K [0x00000000c3400000, 0x0000000100000000)
  region size 1024K, 19 young (19456K), 1 survivors (1024K)
 Metaspace       used 28297K, committed 28544K, reserved 1081344K
  class space    used 3538K, committed 3648K, reserved 1048576K
}
Event: 8.020 GC heap after
{Heap after GC invocations=8 (full 0):
 garbage-first heap   total 48128K, used 15259K [0x00000000c3400000, 0x0000000100000000)
  region size 1024K, 2 young (2048K), 2 survivors (2048K)
 Metaspace       used 28297K, committed 28544K, reserved 1081344K
  class space    used 3538K, committed 3648K, reserved 1048576K
}
Event: 10.061 GC heap before
{Heap before GC invocations=8 (full 0):
 garbage-first heap   total 48128K, used 32667K [0x00000000c3400000, 0x0000000100000000)
  region size 1024K, 20 young (20480K), 2 survivors (2048K)
 Metaspace       used 31826K, committed 32064K, reserved 1081344K
  class space    used 4039K, committed 4160K, reserved 1048576K
}
Event: 10.068 GC heap after
{Heap after GC invocations=9 (full 0):
 garbage-first heap   total 48128K, used 16897K [0x00000000c3400000, 0x0000000100000000)
  region size 1024K, 2 young (2048K), 2 survivors (2048K)
 Metaspace       used 31826K, committed 32064K, reserved 1081344K
  class space    used 4039K, committed 4160K, reserved 1048576K
}
Event: 12.033 GC heap before
{Heap before GC invocations=9 (full 0):
 garbage-first heap   total 48128K, used 34305K [0x00000000c3400000, 0x0000000100000000)
  region size 1024K, 19 young (19456K), 2 survivors (2048K)
 Metaspace       used 34814K, committed 35136K, reserved 1081344K
  class space    used 4495K, committed 4672K, reserved 1048576K
}
Event: 12.042 GC heap after
{Heap after GC invocations=10 (full 0):
 garbage-first heap   total 48128K, used 18432K [0x00000000c3400000, 0x0000000100000000)
  region size 1024K, 3 young (3072K), 3 survivors (3072K)
 Metaspace       used 34814K, committed 35136K, reserved 1081344K
  class space    used 4495K, committed 4672K, reserved 1048576K
}
Event: 12.436 GC heap before
{Heap before GC invocations=10 (full 0):
 garbage-first heap   total 48128K, used 34816K [0x00000000c3400000, 0x0000000100000000)
  region size 1024K, 20 young (20480K), 3 survivors (3072K)
 Metaspace       used 35035K, committed 35328K, reserved 1081344K
  class space    used 4530K, committed 4672K, reserved 1048576K
}
Event: 12.446 GC heap after
{Heap after GC invocations=11 (full 0):
 garbage-first heap   total 48128K, used 22097K [0x00000000c3400000, 0x0000000100000000)
  region size 1024K, 3 young (3072K), 3 survivors (3072K)
 Metaspace       used 35035K, committed 35328K, reserved 1081344K
  class space    used 4530K, committed 4672K, reserved 1048576K
}
Event: 12.675 GC heap before
{Heap before GC invocations=11 (full 0):
 garbage-first heap   total 48128K, used 35409K [0x00000000c3400000, 0x0000000100000000)
  region size 1024K, 16 young (16384K), 3 survivors (3072K)
 Metaspace       used 35035K, committed 35328K, reserved 1081344K
  class space    used 4530K, committed 4672K, reserved 1048576K
}
Event: 12.680 GC heap after
{Heap after GC invocations=12 (full 0):
 garbage-first heap   total 48128K, used 24576K [0x00000000c3400000, 0x0000000100000000)
  region size 1024K, 2 young (2048K), 2 survivors (2048K)
 Metaspace       used 35035K, committed 35328K, reserved 1081344K
  class space    used 4530K, committed 4672K, reserved 1048576K
}
Event: 12.895 GC heap before
{Heap before GC invocations=12 (full 0):
 garbage-first heap   total 48128K, used 35840K [0x00000000c3400000, 0x0000000100000000)
  region size 1024K, 13 young (13312K), 2 survivors (2048K)
 Metaspace       used 35150K, committed 35456K, reserved 1081344K
  class space    used 4547K, committed 4672K, reserved 1048576K
}

Deoptimization events (8 events):
Event: 5.153 Thread 0x0000016ce3eda160 DEOPT PACKING pc=0x0000016ce6f17319 sp=0x00000014ed8fd100
Event: 5.153 Thread 0x0000016ce3eda160 DEOPT UNPACKING pc=0x0000016ce6bc2b24 sp=0x00000014ed8fc5e0 mode 3
Event: 11.194 Thread 0x0000016cf0b35e20 DEOPT PACKING pc=0x0000016ce7128e35 sp=0x00000014ef1fd4f0
Event: 11.194 Thread 0x0000016cf0b35e20 DEOPT UNPACKING pc=0x0000016ce6bc2b24 sp=0x00000014ef1fca08 mode 3
Event: 11.683 Thread 0x0000016cf0b362f0 DEOPT PACKING pc=0x0000016ce714172b sp=0x00000014ef2fe1e0
Event: 11.684 Thread 0x0000016cf0b362f0 DEOPT UNPACKING pc=0x0000016ce6bc2b24 sp=0x00000014ef2fd728 mode 3
Event: 12.849 Thread 0x0000016cef42bd50 DEOPT PACKING pc=0x0000016ce6f18381 sp=0x00000014efafeca0
Event: 12.849 Thread 0x0000016cef42bd50 DEOPT UNPACKING pc=0x0000016ce6bc2b24 sp=0x00000014efafe130 mode 3

Classes unloaded (0 events):
No events

Classes redefined (0 events):
No events

Internal exceptions (20 events):
Event: 11.990 Thread 0x0000016cf0cd2900 Exception <a 'sun/nio/fs/WindowsException'{0x00000000c52d8b48}> (0x00000000c52d8b48) 
thrown [s\src\hotspot\share\prims\jni.cpp, line 516]
Event: 11.990 Thread 0x0000016cf0cd2900 Exception <a 'sun/nio/fs/WindowsException'{0x00000000c52d8f58}> (0x00000000c52d8f58) 
thrown [s\src\hotspot\share\prims\jni.cpp, line 516]
Event: 11.990 Thread 0x0000016cf0cd2900 Exception <a 'sun/nio/fs/WindowsException'{0x00000000c52d9980}> (0x00000000c52d9980) 
thrown [s\src\hotspot\share\prims\jni.cpp, line 516]
Event: 11.990 Thread 0x0000016cf0cd2900 Exception <a 'sun/nio/fs/WindowsException'{0x00000000c52d9d60}> (0x00000000c52d9d60) 
thrown [s\src\hotspot\share\prims\jni.cpp, line 516]
Event: 11.990 Thread 0x0000016cf0cd2900 Exception <a 'sun/nio/fs/WindowsException'{0x00000000c52da760}> (0x00000000c52da760) 
thrown [s\src\hotspot\share\prims\jni.cpp, line 516]
Event: 11.991 Thread 0x0000016cf0cd2900 Exception <a 'sun/nio/fs/WindowsException'{0x00000000c52dab10}> (0x00000000c52dab10) 
thrown [s\src\hotspot\share\prims\jni.cpp, line 516]
Event: 11.991 Thread 0x0000016cf0cd2900 Exception <a 'sun/nio/fs/WindowsException'{0x00000000c52db518}> (0x00000000c52db518) 
thrown [s\src\hotspot\share\prims\jni.cpp, line 516]
Event: 11.992 Thread 0x0000016cf0cd2900 Exception <a 'sun/nio/fs/WindowsException'{0x00000000c52db8d8}> (0x00000000c52db8d8) 
thrown [s\src\hotspot\share\prims\jni.cpp, line 516]
Event: 11.992 Thread 0x0000016cf0cd2900 Exception <a 'sun/nio/fs/WindowsException'{0x00000000c52dc2d8}> (0x00000000c52dc2d8) 
thrown [s\src\hotspot\share\prims\jni.cpp, line 516]
Event: 11.992 Thread 0x0000016cf0cd2900 Exception <a 'sun/nio/fs/WindowsException'{0x00000000c52dc688}> (0x00000000c52dc688) 
thrown [s\src\hotspot\share\prims\jni.cpp, line 516]
Event: 12.044 Thread 0x0000016cf0cd2900 Exception <a 'sun/nio/fs/WindowsException'{0x00000000c7100800}> (0x00000000c7100800) 
thrown [s\src\hotspot\share\prims\jni.cpp, line 516]
Event: 12.044 Thread 0x0000016cf0cd2900 Exception <a 'sun/nio/fs/WindowsException'{0x00000000c7100bc0}> (0x00000000c7100bc0) 
thrown [s\src\hotspot\share\prims\jni.cpp, line 516]
Event: 12.064 Thread 0x0000016cf0cd2900 Exception <a 'sun/nio/fs/WindowsException'{0x00000000c71015e8}> (0x00000000c71015e8) 
thrown [s\src\hotspot\share\prims\jni.cpp, line 516]
Event: 12.064 Thread 0x0000016cf0cd2900 Exception <a 'sun/nio/fs/WindowsException'{0x00000000c71019c8}> (0x00000000c71019c8) 
thrown [s\src\hotspot\share\prims\jni.cpp, line 516]
Event: 12.066 Thread 0x0000016cf0cd2900 Exception <a 'sun/nio/fs/WindowsException'{0x00000000c7102400}> (0x00000000c7102400) 
thrown [s\src\hotspot\share\prims\jni.cpp, line 516]
Event: 12.067 Thread 0x0000016cf0cd2900 Exception <a 'sun/nio/fs/WindowsException'{0x00000000c71027f0}> (0x00000000c71027f0) 
thrown [s\src\hotspot\share\prims\jni.cpp, line 516]
Event: 12.067 Thread 0x0000016cf0cd2900 Exception <a 'sun/nio/fs/WindowsException'{0x00000000c7103220}> (0x00000000c7103220) 
thrown [s\src\hotspot\share\prims\jni.cpp, line 516]
Event: 12.070 Thread 0x0000016cf0cd2900 Exception <a 'sun/nio/fs/WindowsException'{0x00000000c7103610}> (0x00000000c7103610) 
thrown [s\src\hotspot\share\prims\jni.cpp, line 516]
Event: 12.105 Thread 0x0000016cf0b35e20 Exception <a 'java/lang/NoSuchMethodError'{0x00000000c610bd40}: 'int java.lang.invoke.DirectMethodHandle$Holder.invokeStatic(java.lang.Object)'> (0x00000000c610bd40) 
thrown [s\src\hotspot\share\interpreter\linkResolver.cpp, line 759]
Event: 12.106 Thread 0x0000016cf0b35e20 Exception <a 'java/lang/NoSuchMethodError'{0x00000000c610f3e8}: 'int java.lang.invoke.DirectMethodHandle$Holder.invokeStaticInit(java.lang.Object)'> (0x00000000c610f3e8) 
thrown [s\src\hotspot\share\interpreter\linkResolver.cpp, line 759]

VM Operations (20 events):
Event: 8.020 Executing VM operation: G1CollectForAllocation done
Event: 8.106 Executing VM operation: HandshakeAllThreads
Event: 8.106 Executing VM operation: HandshakeAllThreads done
Event: 9.120 Executing VM operation: Cleanup
Event: 9.121 Executing VM operation: Cleanup done
Event: 10.061 Executing VM operation: G1CollectForAllocation
Event: 10.068 Executing VM operation: G1CollectForAllocation done
Event: 11.081 Executing VM operation: Cleanup
Event: 11.081 Executing VM operation: Cleanup done
Event: 11.476 Executing VM operation: HandshakeAllThreads
Event: 11.487 Executing VM operation: HandshakeAllThreads done
Event: 11.993 Executing VM operation: G1CollectForAllocation
Event: 12.049 Executing VM operation: G1CollectForAllocation done
Event: 12.436 Executing VM operation: G1CollectForAllocation
Event: 12.446 Executing VM operation: G1CollectForAllocation done
Event: 12.675 Executing VM operation: G1CollectForAllocation
Event: 12.682 Executing VM operation: G1CollectForAllocation done
Event: 12.866 Executing VM operation: HandshakeAllThreads
Event: 12.866 Executing VM operation: HandshakeAllThreads done
Event: 12.895 Executing VM operation: G1CollectForAllocation

Events (20 events):
Event: 12.859 loading class java/util/stream/Collectors$Partition
Event: 12.859 loading class java/util/stream/Collectors$Partition done
Event: 12.860 loading class jdk/internal/module/SystemModuleFinders$ModuleContentSpliterator
Event: 12.860 loading class jdk/internal/module/SystemModuleFinders$ModuleContentSpliterator done
Event: 12.861 loading class jdk/internal/jimage/ImageReader$Directory
Event: 12.861 loading class jdk/internal/jimage/ImageReader$Node
Event: 12.861 loading class jdk/internal/jimage/ImageReader$Node done
Event: 12.861 loading class jdk/internal/jimage/ImageReader$Directory done
Event: 12.862 loading class jdk/internal/jimage/ImageReader$SharedImageReader$LocationVisitor
Event: 12.862 loading class jdk/internal/jimage/ImageReader$SharedImageReader$LocationVisitor done
Event: 12.863 loading class java/nio/ByteBufferAsIntBufferL
Event: 12.864 loading class java/nio/ByteBufferAsIntBufferL done
Event: 12.867 loading class jdk/internal/jimage/ImageReader$Resource
Event: 12.868 loading class jdk/internal/jimage/ImageReader$Resource done
Event: 12.869 loading class java/util/stream/LongStream
Event: 12.869 loading class java/util/concurrent/locks/AbstractQueuedSynchronizer$SharedNode
Event: 12.869 loading class java/util/concurrent/locks/AbstractQueuedSynchronizer$SharedNode done
Event: 12.870 loading class java/util/stream/LongStream done
Event: 12.870 loading class java/util/stream/DoubleStream
Event: 12.871 loading class java/util/stream/DoubleStream done


Dynamic libraries:
0x00007ff613180000 - 0x00007ff61318e000 	c:\Users\PRANIT\.vscode\extensions\redhat.java-1.12.0-win32-x64\jre\17.0.4.1-win32-x86_64\bin\java.exe
0x00007ffb824f0000 - 0x00007ffb826e8000 	C:\Windows\SYSTEM32\ntdll.dll
0x00007ffb80c50000 - 0x00007ffb80d0f000 	C:\Windows\System32\KERNEL32.DLL
0x00007ffb80260000 - 0x00007ffb80532000 	C:\Windows\System32\KERNELBASE.dll
0x00007ffb80160000 - 0x00007ffb80260000 	C:\Windows\System32\ucrtbase.dll
0x00007ffb6f8e0000 - 0x00007ffb6f8f8000 	c:\Users\PRANIT\.vscode\extensions\redhat.java-1.12.0-win32-x64\jre\17.0.4.1-win32-x86_64\bin\jli.dll
0x00007ffb80650000 - 0x00007ffb807ed000 	C:\Windows\System32\USER32.dll
0x00007ffb7fbf0000 - 0x00007ffb7fc12000 	C:\Windows\System32\win32u.dll
0x00007ffb813a0000 - 0x00007ffb813cb000 	C:\Windows\System32\GDI32.dll
0x00007ffb7fc50000 - 0x00007ffb7fd5f000 	C:\Windows\System32\gdi32full.dll
0x00007ffb7ff80000 - 0x00007ffb8001d000 	C:\Windows\System32\msvcp_win.dll
0x00007ffb6f5c0000 - 0x00007ffb6f5d9000 	c:\Users\PRANIT\.vscode\extensions\redhat.java-1.12.0-win32-x64\jre\17.0.4.1-win32-x86_64\bin\VCRUNTIME140.dll
0x00007ffb6bdf0000 - 0x00007ffb6c08a000 	C:\Windows\WinSxS\amd64_microsoft.windows.common-controls_6595b64144ccf1df_6.0.19041.1110_none_60b5254171f9507e\COMCTL32.dll
0x00007ffb81690000 - 0x00007ffb8172e000 	C:\Windows\System32\msvcrt.dll
0x00007ffb813d0000 - 0x00007ffb81402000 	C:\Windows\System32\IMM32.DLL
0x00007ffb75eb0000 - 0x00007ffb75ebc000 	c:\Users\PRANIT\.vscode\extensions\redhat.java-1.12.0-win32-x64\jre\17.0.4.1-win32-x86_64\bin\vcruntime140_1.dll
0x00007ffb5c9c0000 - 0x00007ffb5ca51000 	c:\Users\PRANIT\.vscode\extensions\redhat.java-1.12.0-win32-x64\jre\17.0.4.1-win32-x86_64\bin\msvcp140.dll
0x00007ffb30140000 - 0x00007ffb30d86000 	c:\Users\PRANIT\.vscode\extensions\redhat.java-1.12.0-win32-x64\jre\17.0.4.1-win32-x86_64\bin\server\jvm.dll
0x00007ffb80910000 - 0x00007ffb809be000 	C:\Windows\System32\ADVAPI32.dll
0x00007ffb809c0000 - 0x00007ffb80a5c000 	C:\Windows\System32\sechost.dll
0x00007ffb80b10000 - 0x00007ffb80c35000 	C:\Windows\System32\RPCRT4.dll
0x00007ffb81cd0000 - 0x00007ffb81cd8000 	C:\Windows\System32\PSAPI.DLL
0x00007ffb65780000 - 0x00007ffb65789000 	C:\Windows\SYSTEM32\WSOCK32.dll
0x00007ffb81330000 - 0x00007ffb8139b000 	C:\Windows\System32\WS2_32.dll
0x00007ffb670c0000 - 0x00007ffb670e7000 	C:\Windows\SYSTEM32\WINMM.dll
0x00007ffb766d0000 - 0x00007ffb766da000 	C:\Windows\SYSTEM32\VERSION.dll
0x00007ffb7e400000 - 0x00007ffb7e412000 	C:\Windows\SYSTEM32\kernel.appcore.dll
0x00007ffb75dd0000 - 0x00007ffb75dda000 	c:\Users\PRANIT\.vscode\extensions\redhat.java-1.12.0-win32-x64\jre\17.0.4.1-win32-x86_64\bin\jimage.dll
0x00007ffb7e0f0000 - 0x00007ffb7e2d4000 	C:\Windows\SYSTEM32\DBGHELP.DLL
0x00007ffb66fe0000 - 0x00007ffb6700c000 	C:\Windows\SYSTEM32\dbgcore.DLL
0x00007ffb80020000 - 0x00007ffb800a2000 	C:\Windows\System32\bcryptPrimitives.dll
0x00007ffb6f390000 - 0x00007ffb6f3b5000 	c:\Users\PRANIT\.vscode\extensions\redhat.java-1.12.0-win32-x64\jre\17.0.4.1-win32-x86_64\bin\java.dll
0x00007ffb6f060000 - 0x00007ffb6f078000 	c:\Users\PRANIT\.vscode\extensions\redhat.java-1.12.0-win32-x64\jre\17.0.4.1-win32-x86_64\bin\zip.dll
0x00007ffb81d60000 - 0x00007ffb824a3000 	C:\Windows\System32\SHELL32.dll
0x00007ffb7d950000 - 0x00007ffb7e0e2000 	C:\Windows\SYSTEM32\windows.storage.dll
0x00007ffb81970000 - 0x00007ffb81cc4000 	C:\Windows\System32\combase.dll
0x00007ffb7f5e0000 - 0x00007ffb7f610000 	C:\Windows\SYSTEM32\Wldp.dll
0x00007ffb80a60000 - 0x00007ffb80b0d000 	C:\Windows\System32\SHCORE.dll
0x00007ffb80d10000 - 0x00007ffb80d65000 	C:\Windows\System32\shlwapi.dll
0x00007ffb7fb30000 - 0x00007ffb7fb4f000 	C:\Windows\SYSTEM32\profapi.dll
0x00007ffb657b0000 - 0x00007ffb657c9000 	C:\Users\PRANIT\.vscode\extensions\redhat.java-1.12.0-win32-x64\jre\17.0.4.1-win32-x86_64\bin\net.dll
0x00007ffb763b0000 - 0x00007ffb764bc000 	C:\Windows\SYSTEM32\WINHTTP.dll
0x00007ffb7f2d0000 - 0x00007ffb7f33a000 	C:\Windows\system32\mswsock.dll
0x00007ffb60900000 - 0x00007ffb60915000 	C:\Users\PRANIT\.vscode\extensions\redhat.java-1.12.0-win32-x64\jre\17.0.4.1-win32-x86_64\bin\nio.dll
0x00007ffb6fb00000 - 0x00007ffb6fb10000 	c:\Users\PRANIT\.vscode\extensions\redhat.java-1.12.0-win32-x64\jre\17.0.4.1-win32-x86_64\bin\verify.dll
0x00007ffb6fa20000 - 0x00007ffb6fa29000 	C:\Users\PRANIT\.vscode\extensions\redhat.java-1.12.0-win32-x64\jre\17.0.4.1-win32-x86_64\bin\management.dll
0x00007ffb6f9b0000 - 0x00007ffb6f9bb000 	C:\Users\PRANIT\.vscode\extensions\redhat.java-1.12.0-win32-x64\jre\17.0.4.1-win32-x86_64\bin\management_ext.dll
0x00007ffb67140000 - 0x00007ffb67157000 	C:\Windows\system32\napinsp.dll
0x00007ffb62b40000 - 0x00007ffb62b5b000 	C:\Windows\system32\pnrpnsp.dll
0x00007ffb7abd0000 - 0x00007ffb7abe5000 	C:\Windows\system32\wshbth.dll
0x00007ffb7b180000 - 0x00007ffb7b19d000 	C:\Windows\system32\NLAapi.dll
0x00007ffb7efc0000 - 0x00007ffb7effb000 	C:\Windows\SYSTEM32\IPHLPAPI.DLL
0x00007ffb7f000000 - 0x00007ffb7f0ca000 	C:\Windows\SYSTEM32\DNSAPI.dll
0x00007ffb80c40000 - 0x00007ffb80c48000 	C:\Windows\System32\NSI.dll
0x00007ffb62b20000 - 0x00007ffb62b32000 	C:\Windows\System32\winrnr.dll
0x00007ffb76740000 - 0x00007ffb7674a000 	C:\Windows\System32\rasadhlp.dll
0x00007ffb6d6a0000 - 0x00007ffb6d720000 	C:\Windows\System32\fwpuclnt.dll
0x00007ffb7fc20000 - 0x00007ffb7fc47000 	C:\Windows\System32\bcrypt.dll
0x00007ffb7f540000 - 0x00007ffb7f558000 	C:\Windows\SYSTEM32\CRYPTSP.dll
0x00007ffb7ebc0000 - 0x00007ffb7ebf4000 	C:\Windows\system32\rsaenh.dll
0x00007ffb7faf0000 - 0x00007ffb7fb1e000 	C:\Windows\SYSTEM32\USERENV.dll
0x00007ffb7f530000 - 0x00007ffb7f53c000 	C:\Windows\SYSTEM32\CRYPTBASE.dll
0x00007ffb75a60000 - 0x00007ffb75a77000 	C:\Windows\SYSTEM32\dhcpcsvc6.DLL
0x00007ffb75a00000 - 0x00007ffb75a1d000 	C:\Windows\SYSTEM32\dhcpcsvc.DLL

dbghelp: loaded successfully - version: 4.0.5 - missing functions: none
symbol engine: initialized successfully - sym options: 0x614 - pdb path: .;c:\Users\PRANIT\.vscode\extensions\redhat.java-1.12.0-win32-x64\jre\17.0.4.1-win32-x86_64\bin;C:\Windows\SYSTEM32;C:\Windows\WinSxS\amd64_microsoft.windows.common-controls_6595b64144ccf1df_6.0.19041.1110_none_60b5254171f9507e;c:\Users\PRANIT\.vscode\extensions\redhat.java-1.12.0-win32-x64\jre\17.0.4.1-win32-x86_64\bin\server

VM Arguments:
jvm_args: -Dsts.lsp.client=vscode -Dsts.log.file=/dev/null -XX:TieredStopAtLevel=1 -Xlog:jni+resolve=off -Dspring.config.location=file:c:\Users\PRANIT\.vscode\extensions\pivotal.vscode-spring-boot-1.40.0\language-server\BOOT-INF\classes\application.properties 
java_command: org.springframework.ide.vscode.boot.app.BootLanguageServerBootApp
java_class_path (initial): c:\Users\PRANIT\.vscode\extensions\pivotal.vscode-spring-boot-1.40.0\language-server\BOOT-INF\classes;c:\Users\PRANIT\.vscode\extensions\pivotal.vscode-spring-boot-1.40.0\language-server\BOOT-INF\lib\annotations-23.0.0.jar;c:\Users\PRANIT\.vscode\extensions\pivotal.vscode-spring-boot-1.40.0\language-server\BOOT-INF\lib\ant-1.10.12.jar;c:\Users\PRANIT\.vscode\extensions\pivotal.vscode-spring-boot-1.40.0\language-server\BOOT-INF\lib\ant-launcher-1.10.12.jar;c:\Users\PRANIT\.vscode\extensions\pivotal.vscode-spring-boot-1.40.0\language-server\BOOT-INF\lib\antlr-runtime-3.5.2.jar;c:\Users\PRANIT\.vscode\extensions\pivotal.vscode-spring-boot-1.40.0\language-server\BOOT-INF\lib\antlr4-4.9.3.jar;c:\Users\PRANIT\.vscode\extensions\pivotal.vscode-spring-boot-1.40.0\language-server\BOOT-INF\lib\antlr4-runtime-4.9.3.jar;c:\Users\PRANIT\.vscode\extensions\pivotal.vscode-spring-boot-1.40.0\language-server\BOOT-INF\lib\asm-9.3.jar;c:\Users\PRANIT\.vscode\extensions\pivotal.vscode-spring-boot-1.40.0\language-server\BOOT-INF\lib\asm-analysis-9.3.jar;c:\Users\PRANIT\.vscode\extensions\pivotal.vscode-spring-boot-1.40.0\language-server\BOOT-INF\lib\asm-tree-9.3.jar;c:\Users\PRANIT\.vscode\extensions\pivotal.vscode-spring-boot-1.40.0\language-server\BOOT-INF\lib\asm-util-9.3.jar;c:\Users\PRANIT\.vscode\extensions\pivotal.vscode-spring-boot-1.40.0\language-server\BOOT-INF\lib\byte-buddy-1.12.13.jar;c:\Users\PRANIT\.vscode\extensions\pivotal.vscode-spring-boot-1.40.0\language-server\BOOT-INF\lib\caffeine-2.9.3.jar;c:\Users\PRANIT\.vscode\extensions\pivotal.vscode-spring-boot-1.40.0\language-server\BOOT-INF\lib\checker-qual-3.12.0.jar;c:\Users\PRANIT\.vscode\extensions\pivotal.vscode-spring-boot-1.40.0\language-server\BOOT-INF\lib\classgraph-4.8.149.jar;c:\Users\PRANIT\.vscode\extensions\pivotal.vscode-spring-boot-1.40.0\language-server\BOOT-INF\lib\commons-codec-1.15.jar;c:\Users\PRANIT\.vscode\extensions\pivotal.vscode-spring-boot-1.40.0\language-server\BOOT-
Launcher Type: SUN_STANDARD

[Global flags]
     intx CICompilerCount                          = 3                                         {product} {ergonomic}
     uint ConcGCThreads                            = 1                                         {product} {ergonomic}
     uint G1ConcRefinementThreads                  = 4                                         {product} {ergonomic}
   size_t G1HeapRegionSize                         = 1048576                                   {product} {ergonomic}
    uintx GCDrainStackTargetSize                   = 64                                        {product} {ergonomic}
   size_t InitialHeapSize                          = 65011712                                  {product} {ergonomic}
   size_t MarkStackSize                            = 4194304                                   {product} {ergonomic}
   size_t MaxHeapSize                              = 1019215872                                {product} {ergonomic}
   size_t MaxNewSize                               = 611319808                                 {product} {ergonomic}
   size_t MinHeapDeltaBytes                        = 1048576                                   {product} {ergonomic}
   size_t MinHeapSize                              = 8388608                                   {product} {ergonomic}
    uintx NonProfiledCodeHeapSize                  = 0                                      {pd product} {ergonomic}
     bool ProfileInterpreter                       = false                                  {pd product} {command line}
    uintx ProfiledCodeHeapSize                     = 0                                      {pd product} {ergonomic}
   size_t SoftMaxHeapSize                          = 1019215872                             {manageable} {ergonomic}
     intx TieredStopAtLevel                        = 1                                         {product} {command line}
     bool UseCompressedClassPointers               = true                           {product lp64_product} {ergonomic}
     bool UseCompressedOops                        = true                           {product lp64_product} {ergonomic}
     bool UseG1GC                                  = true                                      {product} {ergonomic}
     bool UseLargePagesIndividualAllocation        = false                                  {pd product} {ergonomic}

Logging:
Log output configuration:
 #0: stdout all=warning,jni+resolve=off uptime,level,tags
 #1: stderr all=off uptime,level,tags

Environment Variables:
JAVA_HOME=C:\Program Files\Android\Android Studio\jre
PATH=C:\Program Files\Common Files\Oracle\Java\javapath;C:\Windows\system32;C:\Windows;C:\Windows\System32\Wbem;C:\Windows\System32\WindowsPowerShell\v1.0\;C:\Windows\System32\OpenSSH\;C:\MinGW\bin;C:\GnuWin32\bin;C:\Program Files\Git\cmd;C:\Program Files\Docker\Docker\resources\bin;C:\ProgramData\DockerDesktop\version-bin;C:\Program Files\PostgreSQL\14\bin;C:\Program Files\nodejs\;C:\Program Files\dotnet\;C:\Program Files\Geth;C:\Program Files\MySQL\MySQL Shell 8.0\bin\;C:\Users\PRANIT\AppData\Local\Programs\Python\Python310\Scripts\;C:\Users\PRANIT\AppData\Local\Programs\Python\Python310\;C:\Users\PRANIT\AppData\Local\Microsoft\WindowsApps;C:\Users\PRANIT\AppData\Local\Programs\Microsoft VS Code\bin;C:\Program Files (x86)\GnuWin32\bin;C:\Program Files\Git\bin;C:\GNU-Prolog\bin;";C:\Program Files\nodejs\";C:\Users\PRANIT\AppData\Roaming\npm;C:\Users\PRANIT\AppData\Local\Android\Sdk\platform-tools;C:\Program Files\MongoDB\Server\5.0\bin;C:\Program Files\Java\jdk-19\bin;C:\Users\PRANIT\.web3j\web3j-cli-shadow-1.4.1\bin;C:\Program Files\MySQL\MySQL Server 8.0\bin;C:\Users\PRANIT\.epirus\epirus-cli-shadow-1.4.1\bin;
USERNAME=PRANIT
OS=Windows_NT
PROCESSOR_IDENTIFIER=Intel64 Family 6 Model 122 Stepping 8, GenuineIntel
TMP=C:\Users\PRANIT\AppData\Local\Temp
TEMP=C:\Users\PRANIT\AppData\Local\Temp



---------------  S Y S T E M  ---------------

OS:
 Windows 10 , 64 bit Build 19041 (10.0.19041.2251)
OS uptime: 13 days 14:28 hours
Hyper-V role detected

CPU: total 4 (initial active 4) (4 cores per cpu, 1 threads per core) family 6 model 122 stepping 8 microcode 0x20, cx8, cmov, fxsr, mmx, 3dnowpref, sse, sse2, sse3, ssse3, sse4.1, sse4.2, popcnt, tsc, tscinvbit, aes, erms, clmul, sha, clflush, clflushopt, hv

Memory: 4k page, system-wide physical 3885M (53M free)
TotalPageFile size 15661M (AvailPageFile size 1M)
current process WorkingSet (physical memory assigned to process): 139M, peak: 139M
current process commit charge ("private bytes"): 183M, peak: 188M

vm_info: OpenJDK 64-Bit Server VM (17.0.4.1+1) for windows-amd64 JRE (17.0.4.1+1), built on Aug 17 2022 07:42:43 by "temurin" with MS VC++ 16.7 (VS2019)

END.
