#
# There is insufficient memory for the Java Runtime Environment to continue.
# Native memory allocation (malloc) failed to allocate 1048576 bytes for AllocateHeap
# Possible reasons:
#   The system is out of physical RAM or swap space
#   The process is running with CompressedOops enabled, and the Java Heap may be blocking the growth of the native heap
# Possible solutions:
#   Reduce memory load on the system
#   Increase physical memory or swap space
#   Check if swap backing store is full
#   Decrease Java heap size (-Xmx/-Xms)
#   Decrease number of Java threads
#   Decrease Java thread stack sizes (-Xss)
#   Set larger code cache with -XX:ReservedCodeCacheSize=
#   JVM is running with Unscaled Compressed Oops mode in which the Java heap is
#     placed in the first 4GB address space. The Java Heap base address is the
#     maximum limit for the native heap growth. Please use -XX:HeapBaseMinAddress
#     to set the Java Heap base and to place the Java Heap above 4GB virtual address.
# This output file may be truncated or incomplete.
#
#  Out of Memory Error (allocation.cpp:44), pid=12056, tid=1144
#
# JRE version: OpenJDK Runtime Environment Temurin-17.0.4.1+1 (17.0.4.1+1) (build 17.0.4.1+1)
# Java VM: OpenJDK 64-Bit Server VM Temurin-17.0.4.1+1 (17.0.4.1+1, mixed mode, emulated-client, tiered, compressed oops, compressed class ptrs, g1 gc, windows-amd64)
# No core dump will be written. Minidumps are not enabled by default on client versions of Windows
#

---------------  S U M M A R Y ------------

Command Line: -Dsts.lsp.client=vscode -Dsts.log.file=/dev/null -XX:TieredStopAtLevel=1 -Xlog:jni+resolve=off -Dspring.config.location=file:c:\Users\PRANIT\.vscode\extensions\pivotal.vscode-spring-boot-1.40.0\language-server\BOOT-INF\classes\application.properties org.springframework.ide.vscode.boot.app.BootLanguageServerBootApp

Host: Intel(R) Pentium(R) Silver N5030 CPU @ 1.10GHz, 4 cores, 3G,  Windows 10 , 64 bit Build 19041 (10.0.19041.2251)
Time: Fri Dec  2 22:47:52 2022 India Standard Time elapsed time: 836.565574 seconds (0d 0h 13m 56s)

---------------  T H R E A D  ---------------

Current thread (0x000001881d720400):  VMThread "VM Thread" [stack: 0x0000001419200000,0x0000001419300000] [id=1144]

Stack: [0x0000001419200000,0x0000001419300000]
Native frames: (J=compiled Java code, j=interpreted, Vv=VM code, C=native code)
V  [jvm.dll+0x67731a]
V  [jvm.dll+0x832284]
V  [jvm.dll+0x833a2e]
V  [jvm.dll+0x834093]
V  [jvm.dll+0x245775]
V  [jvm.dll+0xa6393]
V  [jvm.dll+0x2f5933]
V  [jvm.dll+0x2f1640]
V  [jvm.dll+0x2d9d27]
V  [jvm.dll+0x31ce37]
V  [jvm.dll+0x83853b]
V  [jvm.dll+0x839274]
V  [jvm.dll+0x83978c]
V  [jvm.dll+0x839b64]
V  [jvm.dll+0x839c30]
V  [jvm.dll+0x7e240a]
V  [jvm.dll+0x6761a5]
C  [ucrtbase.dll+0x21bb2]
C  [KERNEL32.DLL+0x174b4]
C  [ntdll.dll+0x526a1]

VM_Operation (0x000000141a2fefd0): G1CollectFull, mode: safepoint, requested by thread 0x000001882a231d30


---------------  P R O C E S S  ---------------

Threads class SMR info:
_java_thread_list=0x000001882a616680, length=20, elements={
0x00000188279d7640, 0x00000188279d83c0, 0x000001881d7294a0, 0x000001881d72c030,
0x000001881d72e910, 0x0000018827a15410, 0x0000018827a15cd0, 0x0000018827a165d0,
0x00000188285ad880, 0x00000188285b71c0, 0x000001882a036030, 0x000001882a231d30,
0x000001882a2cf160, 0x000001881d657fb0, 0x0000018828507fb0, 0x0000018829f241c0,
0x000001882a557970, 0x000001882a901a50, 0x000001882a8fb540, 0x000001882a8fcd50
}

Java Threads: ( => current thread )
  0x00000188279d7640 JavaThread "Reference Handler" daemon [_thread_blocked, id=21560, stack(0x0000001419300000,0x0000001419400000)]
  0x00000188279d83c0 JavaThread "Finalizer" daemon [_thread_blocked, id=8956, stack(0x0000001419400000,0x0000001419500000)]
  0x000001881d7294a0 JavaThread "Signal Dispatcher" daemon [_thread_blocked, id=11380, stack(0x0000001419500000,0x0000001419600000)]
  0x000001881d72c030 JavaThread "Attach Listener" daemon [_thread_blocked, id=21564, stack(0x0000001419600000,0x0000001419700000)]
  0x000001881d72e910 JavaThread "Service Thread" daemon [_thread_blocked, id=19844, stack(0x0000001419700000,0x0000001419800000)]
  0x0000018827a15410 JavaThread "Monitor Deflation Thread" daemon [_thread_blocked, id=9980, stack(0x0000001419800000,0x0000001419900000)]
  0x0000018827a15cd0 JavaThread "C1 CompilerThread0" daemon [_thread_blocked, id=20592, stack(0x0000001419900000,0x0000001419a00000)]
  0x0000018827a165d0 JavaThread "Sweeper thread" daemon [_thread_blocked, id=10660, stack(0x0000001419a00000,0x0000001419b00000)]
  0x00000188285ad880 JavaThread "Notification Thread" daemon [_thread_blocked, id=16832, stack(0x0000001419b00000,0x0000001419c00000)]
  0x00000188285b71c0 JavaThread "Common-Cleaner" daemon [_thread_blocked, id=21184, stack(0x0000001419d00000,0x0000001419e00000)]
  0x000001882a036030 JavaThread "boundedElastic-evictor-1" daemon [_thread_blocked, id=20356, stack(0x000000141a100000,0x000000141a200000)]
  0x000001882a231d30 JavaThread "pool-9-thread-1" [_thread_blocked, id=10308, stack(0x000000141a200000,0x000000141a300000)]
  0x000001882a2cf160 JavaThread "LanguageServerApp-lifecycle" [_thread_blocked, id=14376, stack(0x000000141a300000,0x000000141a400000)]
  0x000001881d657fb0 JavaThread "DestroyJavaVM" [_thread_blocked, id=20012, stack(0x0000001418c00000,0x0000001418d00000)]
  0x0000018828507fb0 JavaThread "pool-10-thread-1" [_thread_in_native, id=21092, stack(0x000000141a400000,0x000000141a500000)]
  0x0000018829f241c0 JavaThread "Simple-Language-Server main thread" daemon [_thread_blocked, id=22440, stack(0x000000141a500000,0x000000141a600000)]
  0x000001882a557970 JavaThread "parallel-1" daemon [_thread_blocked, id=20884, stack(0x000000141a700000,0x000000141a800000)]
  0x000001882a901a50 JavaThread "pool-5-thread-1" [_thread_blocked, id=4996, stack(0x000000141b100000,0x000000141b200000)]
  0x000001882a8fb540 JavaThread "parallel-2" daemon [_thread_blocked, id=18956, stack(0x000000141b200000,0x000000141b300000)]
  0x000001882a8fcd50 JavaThread "parallel-3" daemon [_thread_blocked, id=6840, stack(0x000000141b400000,0x000000141b500000)]

Other Threads:
=>0x000001881d720400 VMThread "VM Thread" [stack: 0x0000001419200000,0x0000001419300000] [id=1144]
  0x00000188285add50 WatcherThread [stack: 0x0000001419c00000,0x0000001419d00000] [id=16352]
  0x000001881d690370 GCTaskThread "GC Thread#0" [stack: 0x0000001418d00000,0x0000001418e00000] [id=20740]
  0x0000018828dcecb0 GCTaskThread "GC Thread#1" [stack: 0x0000001419e00000,0x0000001419f00000] [id=12272]
  0x0000018828da6fc0 GCTaskThread "GC Thread#2" [stack: 0x0000001419f00000,0x000000141a000000] [id=13996]
  0x0000018828e19200 GCTaskThread "GC Thread#3" [stack: 0x000000141a000000,0x000000141a100000] [id=21220]
  0x000001881d698b40 ConcurrentGCThread "G1 Main Marker" [stack: 0x0000001418e00000,0x0000001418f00000] [id=19508]
  0x000001881d69b480 ConcurrentGCThread "G1 Conc#0" [stack: 0x0000001418f00000,0x0000001419000000] [id=32]
  0x000001881d6d93e0 ConcurrentGCThread "G1 Refine#0" [stack: 0x0000001419000000,0x0000001419100000] [id=19484]
  0x0000018829eaaba0 ConcurrentGCThread "G1 Refine#1" [stack: 0x000000141b000000,0x000000141b100000] [id=5020]
  0x000001882a9b1920 ConcurrentGCThread "G1 Refine#2" [stack: 0x000000141b700000,0x000000141b800000] [id=22236]
  0x000001881d6d9d10 ConcurrentGCThread "G1 Service" [stack: 0x0000001419100000,0x0000001419200000] [id=13688]

Threads with active compile tasks:

VM state: at safepoint (normal execution)

VM Mutex/Monitor currently owned by a thread:  ([mutex/lock_event])
[0x000001881d654080] Threads_lock - owner thread: 0x000001881d720400
[0x000001881d652850] Heap_lock - owner thread: 0x000001882a231d30

Heap address: 0x00000000c3400000, size: 972 MB, Compressed Oops mode: 32-bit

CDS archive(s) not mapped
Compressed class space mapped at: 0x0000000100000000-0x0000000140000000, reserved size: 1073741824
Narrow klass base: 0x0000000000000000, Narrow klass shift: 3, Narrow klass range: 0x140000000

GC Precious Log:
 CPUs: 4 total, 4 available
 Memory: 3885M
 Large Page Support: Disabled
 NUMA Support: Disabled
 Compressed Oops: Enabled (32-bit)
 Heap Region Size: 1M
 Heap Min Capacity: 8M
 Heap Initial Capacity: 62M
 Heap Max Capacity: 972M
 Pre-touch: Disabled
 Parallel Workers: 4
 Concurrent Workers: 1
 Concurrent Refinement Workers: 4
 Periodic GC: Disabled

Heap:
 garbage-first heap   total 92160K, used 26706K [0x00000000c3400000, 0x0000000100000000)
  region size 1024K, 1 young (1024K), 0 survivors (0K)
 Metaspace       used 46558K, committed 47040K, reserved 1089536K
  class space    used 6333K, committed 6528K, reserved 1048576K

Heap Regions: E=young(eden), S=young(survivor), O=old, HS=humongous(starts), HC=humongous(continues), CS=collection set, F=free, OA=open archive, CA=closed archive, TAMS=top-at-mark-start (previous, next)
|   0|0x00000000c3400000, 0x00000000c34f66a8, 0x00000000c3500000| 96%| O|  |TAMS 0x00000000c34f66a8, 0x00000000c3400000| Untracked 
|   1|0x00000000c3500000, 0x00000000c3600000, 0x00000000c3600000|100%| O|  |TAMS 0x00000000c3600000, 0x00000000c3500000| Untracked 
|   2|0x00000000c3600000, 0x00000000c36ffff8, 0x00000000c3700000| 99%| O|  |TAMS 0x00000000c36ffff8, 0x00000000c3600000| Untracked 
|   3|0x00000000c3700000, 0x00000000c3800000, 0x00000000c3800000|100%| O|  |TAMS 0x00000000c3800000, 0x00000000c3700000| Untracked 
|   4|0x00000000c3800000, 0x00000000c38ffff8, 0x00000000c3900000| 99%| O|  |TAMS 0x00000000c38ffff8, 0x00000000c3800000| Untracked 
|   5|0x00000000c3900000, 0x00000000c39fffe8, 0x00000000c3a00000| 99%| O|  |TAMS 0x00000000c39fffe8, 0x00000000c3900000| Untracked 
|   6|0x00000000c3a00000, 0x00000000c3afffe0, 0x00000000c3b00000| 99%| O|  |TAMS 0x00000000c3afffe0, 0x00000000c3a00000| Untracked 
|   7|0x00000000c3b00000, 0x00000000c3bffff8, 0x00000000c3c00000| 99%| O|  |TAMS 0x00000000c3bffff8, 0x00000000c3b00000| Untracked 
|   8|0x00000000c3c00000, 0x00000000c3cfffb0, 0x00000000c3d00000| 99%| O|  |TAMS 0x00000000c3cfffb0, 0x00000000c3c00000| Untracked 
|   9|0x00000000c3d00000, 0x00000000c3dfff98, 0x00000000c3e00000| 99%| O|  |TAMS 0x00000000c3dfff98, 0x00000000c3d00000| Untracked 
|  10|0x00000000c3e00000, 0x00000000c3effff0, 0x00000000c3f00000| 99%| O|  |TAMS 0x00000000c3effff0, 0x00000000c3e00000| Untracked 
|  11|0x00000000c3f00000, 0x00000000c3ff3310, 0x00000000c4000000| 94%| O|  |TAMS 0x00000000c3f00000, 0x00000000c3f00000| Untracked 
|  12|0x00000000c4000000, 0x00000000c40fffc8, 0x00000000c4100000| 99%| O|  |TAMS 0x00000000c40fffc8, 0x00000000c4000000| Untracked 
|  13|0x00000000c4100000, 0x00000000c4200000, 0x00000000c4200000|100%| O|  |TAMS 0x00000000c4200000, 0x00000000c4100000| Untracked 
|  14|0x00000000c4200000, 0x00000000c42fffb8, 0x00000000c4300000| 99%| O|  |TAMS 0x00000000c42fffb8, 0x00000000c4200000| Untracked 
|  15|0x00000000c4300000, 0x00000000c43fdcd8, 0x00000000c4400000| 99%| O|  |TAMS 0x00000000c43fdcd8, 0x00000000c4300000| Untracked 
|  16|0x00000000c4400000, 0x00000000c44ffff8, 0x00000000c4500000| 99%| O|  |TAMS 0x00000000c44ffff8, 0x00000000c4400000| Untracked 
|  17|0x00000000c4500000, 0x00000000c45fc508, 0x00000000c4600000| 98%| O|  |TAMS 0x00000000c45fc508, 0x00000000c4500000| Untracked 
|  18|0x00000000c4600000, 0x00000000c46ffff8, 0x00000000c4700000| 99%| O|  |TAMS 0x00000000c46ffff8, 0x00000000c4600000| Untracked 
|  19|0x00000000c4700000, 0x00000000c47ffff8, 0x00000000c4800000| 99%| O|  |TAMS 0x00000000c47ffff8, 0x00000000c4700000| Untracked 
|  20|0x00000000c4800000, 0x00000000c48ffff8, 0x00000000c4900000| 99%| O|  |TAMS 0x00000000c48ffff8, 0x00000000c4800000| Untracked 
|  21|0x00000000c4900000, 0x00000000c49ffff8, 0x00000000c4a00000| 99%| O|  |TAMS 0x00000000c49ffff8, 0x00000000c4900000| Untracked 
|  22|0x00000000c4a00000, 0x00000000c4affff8, 0x00000000c4b00000| 99%| O|  |TAMS 0x00000000c4affff8, 0x00000000c4a00000| Untracked 
|  23|0x00000000c4b00000, 0x00000000c4b30e80, 0x00000000c4c00000| 19%| O|  |TAMS 0x00000000c4b00000, 0x00000000c4b00000| Untracked 
|  24|0x00000000c4c00000, 0x00000000c4c00000, 0x00000000c4d00000|  0%| F|  |TAMS 0x00000000c4c00000, 0x00000000c4c00000| Untracked 
|  25|0x00000000c4d00000, 0x00000000c4dffff8, 0x00000000c4e00000| 99%| O|  |TAMS 0x00000000c4dffff8, 0x00000000c4d00000| Untracked 
|  26|0x00000000c4e00000, 0x00000000c4efffc0, 0x00000000c4f00000| 99%| O|  |TAMS 0x00000000c4efffc0, 0x00000000c4e00000| Untracked 
|  27|0x00000000c4f00000, 0x00000000c5000000, 0x00000000c5000000|100%| O|  |TAMS 0x00000000c5000000, 0x00000000c4f00000| Untracked 
|  28|0x00000000c5000000, 0x00000000c5000000, 0x00000000c5100000|  0%| F|  |TAMS 0x00000000c5000000, 0x00000000c5000000| Untracked 
|  29|0x00000000c5100000, 0x00000000c5100000, 0x00000000c5200000|  0%| F|  |TAMS 0x00000000c5100000, 0x00000000c5100000| Untracked 
|  30|0x00000000c5200000, 0x00000000c5200000, 0x00000000c5300000|  0%| F|  |TAMS 0x00000000c5200000, 0x00000000c5200000| Untracked 
|  31|0x00000000c5300000, 0x00000000c5300000, 0x00000000c5400000|  0%| F|  |TAMS 0x00000000c5300000, 0x00000000c5300000| Untracked 
|  32|0x00000000c5400000, 0x00000000c5400000, 0x00000000c5500000|  0%| F|  |TAMS 0x00000000c5400000, 0x00000000c5400000| Untracked 
|  33|0x00000000c5500000, 0x00000000c5500000, 0x00000000c5600000|  0%| F|  |TAMS 0x00000000c5500000, 0x00000000c5500000| Untracked 
|  34|0x00000000c5600000, 0x00000000c5600000, 0x00000000c5700000|  0%| F|  |TAMS 0x00000000c5600000, 0x00000000c5600000| Untracked 
|  35|0x00000000c5700000, 0x00000000c5700000, 0x00000000c5800000|  0%| F|  |TAMS 0x00000000c5700000, 0x00000000c5700000| Untracked 
|  36|0x00000000c5800000, 0x00000000c5800000, 0x00000000c5900000|  0%| F|  |TAMS 0x00000000c5800000, 0x00000000c5800000| Untracked 
|  37|0x00000000c5900000, 0x00000000c5900000, 0x00000000c5a00000|  0%| F|  |TAMS 0x00000000c5900000, 0x00000000c5900000| Untracked 
|  38|0x00000000c5a00000, 0x00000000c5a00000, 0x00000000c5b00000|  0%| F|  |TAMS 0x00000000c5a00000, 0x00000000c5a00000| Untracked 
|  39|0x00000000c5b00000, 0x00000000c5b00000, 0x00000000c5c00000|  0%| F|  |TAMS 0x00000000c5b00000, 0x00000000c5b00000| Untracked 
|  40|0x00000000c5c00000, 0x00000000c5c00000, 0x00000000c5d00000|  0%| F|  |TAMS 0x00000000c5c00000, 0x00000000c5c00000| Untracked 
|  41|0x00000000c5d00000, 0x00000000c5d00000, 0x00000000c5e00000|  0%| F|  |TAMS 0x00000000c5d00000, 0x00000000c5d00000| Untracked 
|  42|0x00000000c5e00000, 0x00000000c5e00000, 0x00000000c5f00000|  0%| F|  |TAMS 0x00000000c5e00000, 0x00000000c5e00000| Untracked 
|  43|0x00000000c5f00000, 0x00000000c5f00000, 0x00000000c6000000|  0%| F|  |TAMS 0x00000000c5f00000, 0x00000000c5f00000| Untracked 
|  44|0x00000000c6000000, 0x00000000c6000000, 0x00000000c6100000|  0%| F|  |TAMS 0x00000000c6000000, 0x00000000c6000000| Untracked 
|  45|0x00000000c6100000, 0x00000000c6100000, 0x00000000c6200000|  0%| F|  |TAMS 0x00000000c6100000, 0x00000000c6100000| Untracked 
|  46|0x00000000c6200000, 0x00000000c6200000, 0x00000000c6300000|  0%| F|  |TAMS 0x00000000c6200000, 0x00000000c6200000| Untracked 
|  47|0x00000000c6300000, 0x00000000c6300000, 0x00000000c6400000|  0%| F|  |TAMS 0x00000000c6300000, 0x00000000c6300000| Untracked 
|  48|0x00000000c6400000, 0x00000000c6400000, 0x00000000c6500000|  0%| F|  |TAMS 0x00000000c6400000, 0x00000000c6400000| Untracked 
|  49|0x00000000c6500000, 0x00000000c6500000, 0x00000000c6600000|  0%| F|  |TAMS 0x00000000c6500000, 0x00000000c6500000| Untracked 
|  50|0x00000000c6600000, 0x00000000c6600000, 0x00000000c6700000|  0%| F|  |TAMS 0x00000000c6600000, 0x00000000c6600000| Untracked 
|  51|0x00000000c6700000, 0x00000000c6700000, 0x00000000c6800000|  0%| F|  |TAMS 0x00000000c6700000, 0x00000000c6700000| Untracked 
|  52|0x00000000c6800000, 0x00000000c6800000, 0x00000000c6900000|  0%| F|  |TAMS 0x00000000c6800000, 0x00000000c6800000| Untracked 
|  53|0x00000000c6900000, 0x00000000c6900000, 0x00000000c6a00000|  0%| F|  |TAMS 0x00000000c6900000, 0x00000000c6900000| Untracked 
|  54|0x00000000c6a00000, 0x00000000c6a00000, 0x00000000c6b00000|  0%| F|  |TAMS 0x00000000c6a00000, 0x00000000c6a00000| Untracked 
|  55|0x00000000c6b00000, 0x00000000c6b00000, 0x00000000c6c00000|  0%| F|  |TAMS 0x00000000c6b00000, 0x00000000c6b00000| Untracked 
|  56|0x00000000c6c00000, 0x00000000c6c00000, 0x00000000c6d00000|  0%| F|  |TAMS 0x00000000c6c00000, 0x00000000c6c00000| Untracked 
|  57|0x00000000c6d00000, 0x00000000c6d00000, 0x00000000c6e00000|  0%| F|  |TAMS 0x00000000c6d00000, 0x00000000c6d00000| Untracked 
|  58|0x00000000c6e00000, 0x00000000c6e00000, 0x00000000c6f00000|  0%| F|  |TAMS 0x00000000c6e00000, 0x00000000c6e00000| Untracked 
|  59|0x00000000c6f00000, 0x00000000c6f00000, 0x00000000c7000000|  0%| F|  |TAMS 0x00000000c6f00000, 0x00000000c6f00000| Untracked 
|  60|0x00000000c7000000, 0x00000000c7000000, 0x00000000c7100000|  0%| F|  |TAMS 0x00000000c7000000, 0x00000000c7000000| Untracked 
|  61|0x00000000c7100000, 0x00000000c7100000, 0x00000000c7200000|  0%| F|  |TAMS 0x00000000c7100000, 0x00000000c7100000| Untracked 
|  62|0x00000000c7200000, 0x00000000c7200000, 0x00000000c7300000|  0%| F|  |TAMS 0x00000000c7200000, 0x00000000c7200000| Untracked 
|  63|0x00000000c7300000, 0x00000000c7300000, 0x00000000c7400000|  0%| F|  |TAMS 0x00000000c7300000, 0x00000000c7300000| Untracked 
|  64|0x00000000c7400000, 0x00000000c7400000, 0x00000000c7500000|  0%| F|  |TAMS 0x00000000c7400000, 0x00000000c7400000| Untracked 
|  65|0x00000000c7500000, 0x00000000c7500000, 0x00000000c7600000|  0%| F|  |TAMS 0x00000000c7500000, 0x00000000c7500000| Untracked 
|  66|0x00000000c7600000, 0x00000000c7600000, 0x00000000c7700000|  0%| F|  |TAMS 0x00000000c7600000, 0x00000000c7600000| Untracked 
|  67|0x00000000c7700000, 0x00000000c7700000, 0x00000000c7800000|  0%| F|  |TAMS 0x00000000c7700000, 0x00000000c7700000| Untracked 
|  68|0x00000000c7800000, 0x00000000c7800000, 0x00000000c7900000|  0%| F|  |TAMS 0x00000000c7800000, 0x00000000c7800000| Untracked 
|  69|0x00000000c7900000, 0x00000000c7900000, 0x00000000c7a00000|  0%| F|  |TAMS 0x00000000c7900000, 0x00000000c7900000| Untracked 
|  70|0x00000000c7a00000, 0x00000000c7a00000, 0x00000000c7b00000|  0%| F|  |TAMS 0x00000000c7a00000, 0x00000000c7a00000| Untracked 
|  71|0x00000000c7b00000, 0x00000000c7b00000, 0x00000000c7c00000|  0%| F|  |TAMS 0x00000000c7b00000, 0x00000000c7b00000| Untracked 
|  72|0x00000000c7c00000, 0x00000000c7c00000, 0x00000000c7d00000|  0%| F|  |TAMS 0x00000000c7c00000, 0x00000000c7c00000| Untracked 
|  73|0x00000000c7d00000, 0x00000000c7d00000, 0x00000000c7e00000|  0%| F|  |TAMS 0x00000000c7d00000, 0x00000000c7d00000| Untracked 
|  74|0x00000000c7e00000, 0x00000000c7e00000, 0x00000000c7f00000|  0%| F|  |TAMS 0x00000000c7e00000, 0x00000000c7e00000| Untracked 
|  75|0x00000000c7f00000, 0x00000000c7f00000, 0x00000000c8000000|  0%| F|  |TAMS 0x00000000c7f00000, 0x00000000c7f00000| Untracked 
|  76|0x00000000c8000000, 0x00000000c8000000, 0x00000000c8100000|  0%| F|  |TAMS 0x00000000c8000000, 0x00000000c8000000| Untracked 
|  77|0x00000000c8100000, 0x00000000c8100000, 0x00000000c8200000|  0%| F|  |TAMS 0x00000000c8100000, 0x00000000c8100000| Untracked 
|  78|0x00000000c8200000, 0x00000000c8200000, 0x00000000c8300000|  0%| F|  |TAMS 0x00000000c8200000, 0x00000000c8200000| Untracked 
|  79|0x00000000c8300000, 0x00000000c8300000, 0x00000000c8400000|  0%| F|  |TAMS 0x00000000c8300000, 0x00000000c8300000| Untracked 
|  80|0x00000000c8400000, 0x00000000c8400000, 0x00000000c8500000|  0%| F|  |TAMS 0x00000000c8400000, 0x00000000c8400000| Untracked 
|  81|0x00000000c8500000, 0x00000000c8500000, 0x00000000c8600000|  0%| F|  |TAMS 0x00000000c8500000, 0x00000000c8500000| Untracked 
|  82|0x00000000c8600000, 0x00000000c8600000, 0x00000000c8700000|  0%| F|  |TAMS 0x00000000c8600000, 0x00000000c8600000| Untracked 
|  83|0x00000000c8700000, 0x00000000c8700000, 0x00000000c8800000|  0%| F|  |TAMS 0x00000000c8700000, 0x00000000c8700000| Untracked 
|  84|0x00000000c8800000, 0x00000000c8800000, 0x00000000c8900000|  0%| F|  |TAMS 0x00000000c8800000, 0x00000000c8800000| Untracked 
|  85|0x00000000c8900000, 0x00000000c8900000, 0x00000000c8a00000|  0%| F|  |TAMS 0x00000000c8900000, 0x00000000c8900000| Untracked 
|  86|0x00000000c8a00000, 0x00000000c8a00000, 0x00000000c8b00000|  0%| F|  |TAMS 0x00000000c8a00000, 0x00000000c8a00000| Untracked 
|  87|0x00000000c8b00000, 0x00000000c8b00000, 0x00000000c8c00000|  0%| F|  |TAMS 0x00000000c8b00000, 0x00000000c8b00000| Untracked 
|  88|0x00000000c8c00000, 0x00000000c8c00000, 0x00000000c8d00000|  0%| F|  |TAMS 0x00000000c8c00000, 0x00000000c8c00000| Untracked 
|  89|0x00000000c8d00000, 0x00000000c8d08988, 0x00000000c8e00000|  3%| E|  |TAMS 0x00000000c8d00000, 0x00000000c8d00000| Complete 

Card table byte_map: [0x00000188232f0000,0x00000188234e0000] _byte_map_base: 0x0000018822cd6000

Marking Bits (Prev, Next): (CMBitMap*) 0x000001881d6908d0, (CMBitMap*) 0x000001881d690890
 Prev Bits: [0x0000018824600000, 0x0000018825530000)
 Next Bits: [0x00000188236d0000, 0x0000018824600000)

Polling page: 0x000001881ce30000

Metaspace:

Usage:
  Non-class:     39.28 MB used.
      Class:      6.19 MB used.
       Both:     45.47 MB used.

Virtual space:
  Non-class space:       40.00 MB reserved,      39.56 MB ( 99%) committed,  5 nodes.
      Class space:        1.00 GB reserved,       6.38 MB ( <1%) committed,  1 nodes.
             Both:        1.04 GB reserved,      45.94 MB (  4%) committed. 

Chunk freelists:
   Non-Class:  337.00 KB
       Class:  1.70 MB
        Both:  2.03 MB

MaxMetaspaceSize: unlimited
CompressedClassSpaceSize: 1.00 GB
Initial GC threshold: 21.00 MB
Current GC threshold: 76.56 MB
CDS: off
MetaspaceReclaimPolicy: balanced
 - commit_granule_bytes: 65536.
 - commit_granule_words: 8192.
 - virtual_space_node_default_size: 1048576.
 - enlarge_chunks_in_place: 1.
 - new_chunks_are_fully_committed: 0.
 - uncommit_free_chunks: 1.
 - use_allocation_guard: 0.
 - handle_deallocations: 1.


Internal statistics:

num_allocs_failed_limit: 5.
num_arena_births: 440.
num_arena_deaths: 118.
num_vsnodes_births: 6.
num_vsnodes_deaths: 0.
num_space_committed: 735.
num_space_uncommitted: 0.
num_chunks_returned_to_freelist: 136.
num_chunks_taken_from_freelist: 1863.
num_chunk_merges: 47.
num_chunk_splits: 1320.
num_chunks_enlarged: 1054.
num_purges: 10.
num_inconsistent_stats: 0.

CodeCache: size=49152Kb used=10963Kb max_used=11495Kb free=38188Kb
 bounds [0x00000188202f0000, 0x0000018820e30000, 0x00000188232f0000]
 total_blobs=6450 nmethods=5886 adapters=491
 compilation: enabled
              stopped_count=0, restarted_count=0
 full_count=0

Compilation events (20 events):
Event: 404.957 Thread 0x0000018827a15cd0 5880       1       java.util.concurrent.ThreadPoolExecutor::isShutdown (12 bytes)
Event: 404.982 Thread 0x0000018827a15cd0 nmethod 5880 0x0000018820d01e10 code [0x0000018820d01fa0, 0x0000018820d02098]
Event: 418.916 Thread 0x0000018827a15cd0 5881       1       java.util.concurrent.ScheduledThreadPoolExecutor::canRunInCurrentRunState (61 bytes)
Event: 418.926 Thread 0x0000018827a15cd0 nmethod 5881 0x0000018820d01810 code [0x0000018820d019e0, 0x0000018820d01cb8]
Event: 436.322 Thread 0x0000018827a15cd0 5882       1       java.util.concurrent.TimeUnit::toNanos (45 bytes)
Event: 436.323 Thread 0x0000018827a15cd0 nmethod 5882 0x0000018820d01410 code [0x0000018820d015c0, 0x0000018820d01758]
Event: 555.713 Thread 0x0000018827a15cd0 5883       1       java.lang.Integer::toString (55 bytes)
Event: 555.737 Thread 0x0000018827a15cd0 nmethod 5883 0x0000018820d00f90 code [0x0000018820d01140, 0x0000018820d01358]
Event: 618.932 Thread 0x0000018827a15cd0 5884       1       java.util.concurrent.ThreadPoolExecutor::getQueue (5 bytes)
Event: 618.952 Thread 0x0000018827a15cd0 nmethod 5884 0x0000018820d00c90 code [0x0000018820d00e20, 0x0000018820d00ef8]
Event: 619.204 Thread 0x0000018827a15cd0 5885       1       java.util.concurrent.ScheduledThreadPoolExecutor$DelayedWorkQueue::setIndex (16 bytes)
Event: 619.207 Thread 0x0000018827a15cd0 nmethod 5885 0x0000018820d00910 code [0x0000018820d00aa0, 0x0000018820d00bb8]
Event: 638.954 Thread 0x0000018827a15cd0 5886       1       java.util.concurrent.TimeUnit::convert (77 bytes)
Event: 638.996 Thread 0x0000018827a15cd0 nmethod 5886 0x0000018820d00310 code [0x0000018820d00500, 0x0000018820d00788]
Event: 639.960 Thread 0x0000018827a15cd0 5887       1       java.util.concurrent.ScheduledThreadPoolExecutor$ScheduledFutureTask::getDelay (16 bytes)
Event: 639.962 Thread 0x0000018827a15cd0 nmethod 5887 0x0000018820cfff90 code [0x0000018820d00120, 0x0000018820d00248]
Event: 824.493 Thread 0x0000018827a15cd0 5889       1       java.util.concurrent.locks.AbstractQueuedSynchronizer$Node::getAndUnsetStatus (14 bytes)
Event: 824.528 Thread 0x0000018827a15cd0 nmethod 5889 0x0000018820cff810 code [0x0000018820cff9a0, 0x0000018820cffab8]
Event: 824.529 Thread 0x0000018827a15cd0 5890       1       jdk.internal.misc.Unsafe::getAndBitwiseAndInt (27 bytes)
Event: 824.529 Thread 0x0000018827a15cd0 nmethod 5890 0x0000018820cff490 code [0x0000018820cff620, 0x0000018820cff738]

GC Heap History (20 events):
Event: 726.919 GC heap before
{Heap before GC invocations=104 (full 60):
 garbage-first heap   total 92160K, used 26706K [0x00000000c3400000, 0x0000000100000000)
  region size 1024K, 1 young (1024K), 0 survivors (0K)
 Metaspace       used 46558K, committed 47040K, reserved 1089536K
  class space    used 6333K, committed 6528K, reserved 1048576K
}
Event: 727.739 GC heap after
{Heap after GC invocations=105 (full 61):
 garbage-first heap   total 92160K, used 26706K [0x00000000c3400000, 0x0000000100000000)
  region size 1024K, 0 young (0K), 0 survivors (0K)
 Metaspace       used 46558K, committed 47040K, reserved 1089536K
  class space    used 6333K, committed 6528K, reserved 1048576K
}
Event: 738.197 GC heap before
{Heap before GC invocations=105 (full 61):
 garbage-first heap   total 92160K, used 26706K [0x00000000c3400000, 0x0000000100000000)
  region size 1024K, 1 young (1024K), 0 survivors (0K)
 Metaspace       used 46558K, committed 47040K, reserved 1089536K
  class space    used 6333K, committed 6528K, reserved 1048576K
}
Event: 738.282 GC heap after
{Heap after GC invocations=106 (full 62):
 garbage-first heap   total 92160K, used 26714K [0x00000000c3400000, 0x0000000100000000)
  region size 1024K, 0 young (0K), 0 survivors (0K)
 Metaspace       used 46558K, committed 47040K, reserved 1089536K
  class space    used 6333K, committed 6528K, reserved 1048576K
}
Event: 749.210 GC heap before
{Heap before GC invocations=106 (full 62):
 garbage-first heap   total 92160K, used 26714K [0x00000000c3400000, 0x0000000100000000)
  region size 1024K, 1 young (1024K), 0 survivors (0K)
 Metaspace       used 46558K, committed 47040K, reserved 1089536K
  class space    used 6333K, committed 6528K, reserved 1048576K
}
Event: 749.289 GC heap after
{Heap after GC invocations=107 (full 63):
 garbage-first heap   total 92160K, used 26706K [0x00000000c3400000, 0x0000000100000000)
  region size 1024K, 0 young (0K), 0 survivors (0K)
 Metaspace       used 46558K, committed 47040K, reserved 1089536K
  class space    used 6333K, committed 6528K, reserved 1048576K
}
Event: 759.754 GC heap before
{Heap before GC invocations=107 (full 63):
 garbage-first heap   total 92160K, used 26706K [0x00000000c3400000, 0x0000000100000000)
  region size 1024K, 1 young (1024K), 0 survivors (0K)
 Metaspace       used 46558K, committed 47040K, reserved 1089536K
  class space    used 6333K, committed 6528K, reserved 1048576K
}
Event: 759.828 GC heap after
{Heap after GC invocations=108 (full 64):
 garbage-first heap   total 92160K, used 26706K [0x00000000c3400000, 0x0000000100000000)
  region size 1024K, 0 young (0K), 0 survivors (0K)
 Metaspace       used 46558K, committed 47040K, reserved 1089536K
  class space    used 6333K, committed 6528K, reserved 1048576K
}
Event: 770.183 GC heap before
{Heap before GC invocations=108 (full 64):
 garbage-first heap   total 92160K, used 26706K [0x00000000c3400000, 0x0000000100000000)
  region size 1024K, 1 young (1024K), 0 survivors (0K)
 Metaspace       used 46558K, committed 47040K, reserved 1089536K
  class space    used 6333K, committed 6528K, reserved 1048576K
}
Event: 770.247 GC heap after
{Heap after GC invocations=109 (full 65):
 garbage-first heap   total 92160K, used 26706K [0x00000000c3400000, 0x0000000100000000)
  region size 1024K, 0 young (0K), 0 survivors (0K)
 Metaspace       used 46558K, committed 47040K, reserved 1089536K
  class space    used 6333K, committed 6528K, reserved 1048576K
}
Event: 782.381 GC heap before
{Heap before GC invocations=109 (full 65):
 garbage-first heap   total 92160K, used 26706K [0x00000000c3400000, 0x0000000100000000)
  region size 1024K, 1 young (1024K), 0 survivors (0K)
 Metaspace       used 46558K, committed 47040K, reserved 1089536K
  class space    used 6333K, committed 6528K, reserved 1048576K
}
Event: 782.454 GC heap after
{Heap after GC invocations=110 (full 66):
 garbage-first heap   total 92160K, used 26706K [0x00000000c3400000, 0x0000000100000000)
  region size 1024K, 0 young (0K), 0 survivors (0K)
 Metaspace       used 46558K, committed 47040K, reserved 1089536K
  class space    used 6333K, committed 6528K, reserved 1048576K
}
Event: 792.902 GC heap before
{Heap before GC invocations=110 (full 66):
 garbage-first heap   total 92160K, used 26706K [0x00000000c3400000, 0x0000000100000000)
  region size 1024K, 1 young (1024K), 0 survivors (0K)
 Metaspace       used 46558K, committed 47040K, reserved 1089536K
  class space    used 6333K, committed 6528K, reserved 1048576K
}
Event: 792.974 GC heap after
{Heap after GC invocations=111 (full 67):
 garbage-first heap   total 92160K, used 26706K [0x00000000c3400000, 0x0000000100000000)
  region size 1024K, 0 young (0K), 0 survivors (0K)
 Metaspace       used 46558K, committed 47040K, reserved 1089536K
  class space    used 6333K, committed 6528K, reserved 1048576K
}
Event: 803.405 GC heap before
{Heap before GC invocations=111 (full 67):
 garbage-first heap   total 92160K, used 26706K [0x00000000c3400000, 0x0000000100000000)
  region size 1024K, 1 young (1024K), 0 survivors (0K)
 Metaspace       used 46558K, committed 47040K, reserved 1089536K
  class space    used 6333K, committed 6528K, reserved 1048576K
}
Event: 803.482 GC heap after
{Heap after GC invocations=112 (full 68):
 garbage-first heap   total 92160K, used 26706K [0x00000000c3400000, 0x0000000100000000)
  region size 1024K, 0 young (0K), 0 survivors (0K)
 Metaspace       used 46558K, committed 47040K, reserved 1089536K
  class space    used 6333K, committed 6528K, reserved 1048576K
}
Event: 814.364 GC heap before
{Heap before GC invocations=112 (full 68):
 garbage-first heap   total 92160K, used 26706K [0x00000000c3400000, 0x0000000100000000)
  region size 1024K, 1 young (1024K), 0 survivors (0K)
 Metaspace       used 46558K, committed 47040K, reserved 1089536K
  class space    used 6333K, committed 6528K, reserved 1048576K
}
Event: 814.431 GC heap after
{Heap after GC invocations=113 (full 69):
 garbage-first heap   total 92160K, used 26706K [0x00000000c3400000, 0x0000000100000000)
  region size 1024K, 0 young (0K), 0 survivors (0K)
 Metaspace       used 46558K, committed 47040K, reserved 1089536K
  class space    used 6333K, committed 6528K, reserved 1048576K
}
Event: 825.604 GC heap before
{Heap before GC invocations=113 (full 69):
 garbage-first heap   total 92160K, used 26706K [0x00000000c3400000, 0x0000000100000000)
  region size 1024K, 1 young (1024K), 0 survivors (0K)
 Metaspace       used 46558K, committed 47040K, reserved 1089536K
  class space    used 6333K, committed 6528K, reserved 1048576K
}
Event: 825.702 GC heap after
{Heap after GC invocations=114 (full 70):
 garbage-first heap   total 92160K, used 26706K [0x00000000c3400000, 0x0000000100000000)
  region size 1024K, 0 young (0K), 0 survivors (0K)
 Metaspace       used 46558K, committed 47040K, reserved 1089536K
  class space    used 6333K, committed 6528K, reserved 1048576K
}

Deoptimization events (20 events):
Event: 15.485 Thread 0x0000018829f241c0 DEOPT PACKING pc=0x0000018820897535 sp=0x000000141a5fd190
Event: 15.485 Thread 0x0000018829f241c0 DEOPT UNPACKING pc=0x0000018820342b24 sp=0x000000141a5fc6a8 mode 3
Event: 15.833 Thread 0x0000018829f24690 DEOPT PACKING pc=0x00000188208afb2b sp=0x000000141a6fe980
Event: 15.833 Thread 0x0000018829f24690 DEOPT UNPACKING pc=0x0000018820342b24 sp=0x000000141a6fdec8 mode 3
Event: 16.436 Thread 0x0000018829f5b550 DEOPT PACKING pc=0x0000018820690301 sp=0x000000141aefef50
Event: 16.437 Thread 0x0000018829f5b550 DEOPT UNPACKING pc=0x0000018820342b24 sp=0x000000141aefe3e0 mode 3
Event: 67.694 Thread 0x0000018829f24690 DEOPT PACKING pc=0x0000018820681f52 sp=0x000000141a6fda40
Event: 67.696 Thread 0x0000018829f24690 DEOPT UNPACKING pc=0x0000018820342b24 sp=0x000000141a6fcf48 mode 3
Event: 71.472 Thread 0x0000018829f24690 DEOPT PACKING pc=0x0000018820da5174 sp=0x000000141a6fe290
Event: 71.472 Thread 0x0000018829f24690 DEOPT UNPACKING pc=0x0000018820342b24 sp=0x000000141a6fd788 mode 0
Event: 71.472 Thread 0x0000018829f24690 DEOPT PACKING pc=0x0000018820d7fd74 sp=0x000000141a6fe360
Event: 71.472 Thread 0x0000018829f24690 DEOPT UNPACKING pc=0x0000018820342b24 sp=0x000000141a6fd838 mode 0
Event: 71.473 Thread 0x0000018829f24690 DEOPT PACKING pc=0x0000018820d7b9a4 sp=0x000000141a6fe410
Event: 71.473 Thread 0x0000018829f24690 DEOPT UNPACKING pc=0x0000018820342b24 sp=0x000000141a6fd990 mode 0
Event: 71.474 Thread 0x0000018829f24690 DEOPT PACKING pc=0x0000018820dcfaac sp=0x000000141a6fe710
Event: 71.474 Thread 0x0000018829f24690 DEOPT UNPACKING pc=0x0000018820342b24 sp=0x000000141a6fdba0 mode 0
Event: 72.606 Thread 0x0000018829f24690 DEOPT PACKING pc=0x0000018820e23955 sp=0x000000141a6ff1b0
Event: 72.606 Thread 0x0000018829f24690 DEOPT UNPACKING pc=0x0000018820342b24 sp=0x000000141a6fe658 mode 3
Event: 74.175 Thread 0x0000018828507fb0 DEOPT PACKING pc=0x00000188207bf754 sp=0x000000141a4feba0
Event: 74.175 Thread 0x0000018828507fb0 DEOPT UNPACKING pc=0x0000018820342b24 sp=0x000000141a4fe048 mode 0

Classes unloaded (20 events):
Event: 120.172 Thread 0x000001881d720400 Unloading class 0x00000001000d0000 'java/lang/invoke/LambdaForm$MH+0x00000001000d0000'
Event: 131.097 Thread 0x000001881d720400 Unloading class 0x00000001004f8400 'java/lang/invoke/LambdaForm$DMH+0x00000001004f8400'
Event: 131.097 Thread 0x000001881d720400 Unloading class 0x00000001004f5400 'java/lang/invoke/LambdaForm$MH+0x00000001004f5400'
Event: 131.097 Thread 0x000001881d720400 Unloading class 0x00000001004f5000 'java/lang/invoke/LambdaForm$MH+0x00000001004f5000'
Event: 131.097 Thread 0x000001881d720400 Unloading class 0x00000001004f4c00 'java/lang/invoke/LambdaForm$MH+0x00000001004f4c00'
Event: 131.097 Thread 0x000001881d720400 Unloading class 0x00000001004f4800 'java/lang/invoke/LambdaForm$MH+0x00000001004f4800'
Event: 131.097 Thread 0x000001881d720400 Unloading class 0x00000001004f4400 'java/lang/invoke/LambdaForm$MH+0x00000001004f4400'
Event: 131.098 Thread 0x000001881d720400 Unloading class 0x00000001004f4000 'java/lang/invoke/LambdaForm$MH+0x00000001004f4000'
Event: 131.098 Thread 0x000001881d720400 Unloading class 0x000000010034d000 'java/lang/invoke/LambdaForm$MH+0x000000010034d000'
Event: 141.474 Thread 0x000001881d720400 Unloading class 0x0000000100610000 'jdk/internal/reflect/GeneratedMethodAccessor29'
Event: 152.290 Thread 0x000001881d720400 Unloading class 0x0000000100652800 'jdk/internal/reflect/GeneratedConstructorAccessor27'
Event: 152.290 Thread 0x000001881d720400 Unloading class 0x0000000100652400 'jdk/internal/reflect/GeneratedConstructorAccessor26'
Event: 152.290 Thread 0x000001881d720400 Unloading class 0x0000000100652000 'jdk/internal/reflect/GeneratedConstructorAccessor25'
Event: 152.290 Thread 0x000001881d720400 Unloading class 0x0000000100651c00 'jdk/internal/reflect/GeneratedConstructorAccessor24'
Event: 152.290 Thread 0x000001881d720400 Unloading class 0x0000000100651800 'jdk/internal/reflect/GeneratedConstructorAccessor23'
Event: 152.290 Thread 0x000001881d720400 Unloading class 0x0000000100651400 'jdk/internal/reflect/GeneratedConstructorAccessor22'
Event: 152.290 Thread 0x000001881d720400 Unloading class 0x0000000100651000 'jdk/internal/reflect/GeneratedConstructorAccessor21'
Event: 152.290 Thread 0x000001881d720400 Unloading class 0x0000000100650c00 'jdk/internal/reflect/GeneratedConstructorAccessor20'
Event: 152.290 Thread 0x000001881d720400 Unloading class 0x0000000100650800 'jdk/internal/reflect/GeneratedConstructorAccessor19'
Event: 152.290 Thread 0x000001881d720400 Unloading class 0x0000000100650400 'jdk/internal/reflect/GeneratedConstructorAccessor18'

Classes redefined (0 events):
No events

Internal exceptions (20 events):
Event: 63.936 Thread 0x000001882a8fc3b0 Exception <a 'sun/nio/fs/WindowsException'{0x00000000dba8b2c0}> (0x00000000dba8b2c0) 
thrown [s\src\hotspot\share\prims\jni.cpp, line 516]
Event: 63.936 Thread 0x000001882a8fc3b0 Exception <a 'sun/nio/fs/WindowsException'{0x00000000dba8b6a0}> (0x00000000dba8b6a0) 
thrown [s\src\hotspot\share\prims\jni.cpp, line 516]
Event: 63.938 Thread 0x000001882a8fc3b0 Exception <a 'sun/nio/fs/WindowsException'{0x00000000dba8c0f0}> (0x00000000dba8c0f0) 
thrown [s\src\hotspot\share\prims\jni.cpp, line 516]
Event: 63.938 Thread 0x000001882a8fc3b0 Exception <a 'sun/nio/fs/WindowsException'{0x00000000dba8c500}> (0x00000000dba8c500) 
thrown [s\src\hotspot\share\prims\jni.cpp, line 516]
Event: 63.939 Thread 0x000001882a8fc3b0 Exception <a 'sun/nio/fs/WindowsException'{0x00000000dba8cf28}> (0x00000000dba8cf28) 
thrown [s\src\hotspot\share\prims\jni.cpp, line 516]
Event: 63.939 Thread 0x000001882a8fc3b0 Exception <a 'sun/nio/fs/WindowsException'{0x00000000dba8d308}> (0x00000000dba8d308) 
thrown [s\src\hotspot\share\prims\jni.cpp, line 516]
Event: 63.939 Thread 0x000001882a8fc3b0 Exception <a 'sun/nio/fs/WindowsException'{0x00000000dba8dd08}> (0x00000000dba8dd08) 
thrown [s\src\hotspot\share\prims\jni.cpp, line 516]
Event: 63.939 Thread 0x000001882a8fc3b0 Exception <a 'sun/nio/fs/WindowsException'{0x00000000dba8e0b8}> (0x00000000dba8e0b8) 
thrown [s\src\hotspot\share\prims\jni.cpp, line 516]
Event: 63.939 Thread 0x000001882a8fc3b0 Exception <a 'sun/nio/fs/WindowsException'{0x00000000dba8eac0}> (0x00000000dba8eac0) 
thrown [s\src\hotspot\share\prims\jni.cpp, line 516]
Event: 63.939 Thread 0x000001882a8fc3b0 Exception <a 'sun/nio/fs/WindowsException'{0x00000000dba8ee80}> (0x00000000dba8ee80) 
thrown [s\src\hotspot\share\prims\jni.cpp, line 516]
Event: 63.939 Thread 0x000001882a8fc3b0 Exception <a 'sun/nio/fs/WindowsException'{0x00000000dba8f880}> (0x00000000dba8f880) 
thrown [s\src\hotspot\share\prims\jni.cpp, line 516]
Event: 63.939 Thread 0x000001882a8fc3b0 Exception <a 'sun/nio/fs/WindowsException'{0x00000000dba8fc30}> (0x00000000dba8fc30) 
thrown [s\src\hotspot\share\prims\jni.cpp, line 516]
Event: 63.940 Thread 0x000001882a8fc3b0 Exception <a 'sun/nio/fs/WindowsException'{0x00000000dba90638}> (0x00000000dba90638) 
thrown [s\src\hotspot\share\prims\jni.cpp, line 516]
Event: 63.940 Thread 0x000001882a8fc3b0 Exception <a 'sun/nio/fs/WindowsException'{0x00000000dba909f8}> (0x00000000dba909f8) 
thrown [s\src\hotspot\share\prims\jni.cpp, line 516]
Event: 63.940 Thread 0x000001882a8fc3b0 Exception <a 'sun/nio/fs/WindowsException'{0x00000000dba91420}> (0x00000000dba91420) 
thrown [s\src\hotspot\share\prims\jni.cpp, line 516]
Event: 63.941 Thread 0x000001882a8fc3b0 Exception <a 'sun/nio/fs/WindowsException'{0x00000000dba91800}> (0x00000000dba91800) 
thrown [s\src\hotspot\share\prims\jni.cpp, line 516]
Event: 63.941 Thread 0x000001882a8fc3b0 Exception <a 'sun/nio/fs/WindowsException'{0x00000000dba92238}> (0x00000000dba92238) 
thrown [s\src\hotspot\share\prims\jni.cpp, line 516]
Event: 63.941 Thread 0x000001882a8fc3b0 Exception <a 'sun/nio/fs/WindowsException'{0x00000000dba92628}> (0x00000000dba92628) 
thrown [s\src\hotspot\share\prims\jni.cpp, line 516]
Event: 63.941 Thread 0x000001882a8fc3b0 Exception <a 'sun/nio/fs/WindowsException'{0x00000000dba93058}> (0x00000000dba93058) 
thrown [s\src\hotspot\share\prims\jni.cpp, line 516]
Event: 63.941 Thread 0x000001882a8fc3b0 Exception <a 'sun/nio/fs/WindowsException'{0x00000000dba93448}> (0x00000000dba93448) 
thrown [s\src\hotspot\share\prims\jni.cpp, line 516]

VM Operations (20 events):
Event: 727.739 Executing VM operation: G1CollectFull done
Event: 738.196 Executing VM operation: G1CollectFull
Event: 738.283 Executing VM operation: G1CollectFull done
Event: 749.210 Executing VM operation: G1CollectFull
Event: 749.289 Executing VM operation: G1CollectFull done
Event: 759.751 Executing VM operation: G1CollectFull
Event: 759.829 Executing VM operation: G1CollectFull done
Event: 770.182 Executing VM operation: G1CollectFull
Event: 770.247 Executing VM operation: G1CollectFull done
Event: 782.376 Executing VM operation: G1CollectFull
Event: 782.455 Executing VM operation: G1CollectFull done
Event: 792.902 Executing VM operation: G1CollectFull
Event: 792.975 Executing VM operation: G1CollectFull done
Event: 803.405 Executing VM operation: G1CollectFull
Event: 803.483 Executing VM operation: G1CollectFull done
Event: 814.364 Executing VM operation: G1CollectFull
Event: 814.432 Executing VM operation: G1CollectFull done
Event: 825.604 Executing VM operation: G1CollectFull
Event: 825.703 Executing VM operation: G1CollectFull done
Event: 836.550 Executing VM operation: G1CollectFull

Events (20 events):
Event: 67.594 loading class java/io/ObjectStreamConstants
Event: 67.595 loading class java/io/ObjectStreamConstants done
Event: 67.595 loading class java/io/ObjectInputStream done
Event: 67.595 loading class java/io/ObjectOutputStream
Event: 67.596 loading class java/io/ObjectOutput
Event: 67.596 loading class java/io/ObjectOutput done
Event: 67.597 loading class java/io/ObjectOutputStream done
Event: 67.598 loading class java/util/concurrent/ConcurrentHashMap$TreeNode
Event: 67.599 loading class java/util/concurrent/ConcurrentHashMap$TreeNode done
Event: 67.599 loading class java/util/concurrent/ConcurrentHashMap$TreeBin
Event: 67.600 loading class java/util/concurrent/ConcurrentHashMap$TreeBin done
Event: 67.664 loading class java/util/regex/Pattern$1
Event: 67.681 loading class java/util/regex/Pattern$1 done
Event: 67.832 loading class java/util/stream/Collectors$Partition$1
Event: 67.833 loading class java/util/stream/Collectors$Partition$1 done
Event: 68.987 Thread 0x0000018828c9d890 Thread added: 0x0000018828c9d890
Event: 69.809 loading class sun/reflect/generics/tree/BooleanSignature
Event: 69.810 loading class sun/reflect/generics/tree/BooleanSignature done
Event: 77.779 Thread 0x0000018828c9d890 Thread exited: 0x0000018828c9d890
Event: 132.822 Thread 0x0000018829f24690 Thread exited: 0x0000018829f24690


Dynamic libraries:
0x00007ff613180000 - 0x00007ff61318e000 	c:\Users\PRANIT\.vscode\extensions\redhat.java-1.12.0-win32-x64\jre\17.0.4.1-win32-x86_64\bin\java.exe
0x00007ffb824f0000 - 0x00007ffb826e8000 	C:\Windows\SYSTEM32\ntdll.dll
0x00007ffb80c50000 - 0x00007ffb80d0f000 	C:\Windows\System32\KERNEL32.DLL
0x00007ffb80260000 - 0x00007ffb80532000 	C:\Windows\System32\KERNELBASE.dll
0x00007ffb80160000 - 0x00007ffb80260000 	C:\Windows\System32\ucrtbase.dll
0x00007ffb6f8e0000 - 0x00007ffb6f8f8000 	c:\Users\PRANIT\.vscode\extensions\redhat.java-1.12.0-win32-x64\jre\17.0.4.1-win32-x86_64\bin\jli.dll
0x00007ffb80650000 - 0x00007ffb807ed000 	C:\Windows\System32\USER32.dll
0x00007ffb7fbf0000 - 0x00007ffb7fc12000 	C:\Windows\System32\win32u.dll
0x00007ffb813a0000 - 0x00007ffb813cb000 	C:\Windows\System32\GDI32.dll
0x00007ffb7fc50000 - 0x00007ffb7fd5f000 	C:\Windows\System32\gdi32full.dll
0x00007ffb7ff80000 - 0x00007ffb8001d000 	C:\Windows\System32\msvcp_win.dll
0x00007ffb6f5c0000 - 0x00007ffb6f5d9000 	c:\Users\PRANIT\.vscode\extensions\redhat.java-1.12.0-win32-x64\jre\17.0.4.1-win32-x86_64\bin\VCRUNTIME140.dll
0x00007ffb6bdf0000 - 0x00007ffb6c08a000 	C:\Windows\WinSxS\amd64_microsoft.windows.common-controls_6595b64144ccf1df_6.0.19041.1110_none_60b5254171f9507e\COMCTL32.dll
0x00007ffb81690000 - 0x00007ffb8172e000 	C:\Windows\System32\msvcrt.dll
0x00007ffb813d0000 - 0x00007ffb81402000 	C:\Windows\System32\IMM32.DLL
0x00007ffb75eb0000 - 0x00007ffb75ebc000 	c:\Users\PRANIT\.vscode\extensions\redhat.java-1.12.0-win32-x64\jre\17.0.4.1-win32-x86_64\bin\vcruntime140_1.dll
0x00007ffb5c9c0000 - 0x00007ffb5ca51000 	c:\Users\PRANIT\.vscode\extensions\redhat.java-1.12.0-win32-x64\jre\17.0.4.1-win32-x86_64\bin\msvcp140.dll
0x00007ffb30140000 - 0x00007ffb30d86000 	c:\Users\PRANIT\.vscode\extensions\redhat.java-1.12.0-win32-x64\jre\17.0.4.1-win32-x86_64\bin\server\jvm.dll
0x00007ffb80910000 - 0x00007ffb809be000 	C:\Windows\System32\ADVAPI32.dll
0x00007ffb809c0000 - 0x00007ffb80a5c000 	C:\Windows\System32\sechost.dll
0x00007ffb80b10000 - 0x00007ffb80c35000 	C:\Windows\System32\RPCRT4.dll
0x00007ffb81cd0000 - 0x00007ffb81cd8000 	C:\Windows\System32\PSAPI.DLL
0x00007ffb65780000 - 0x00007ffb65789000 	C:\Windows\SYSTEM32\WSOCK32.dll
0x00007ffb81330000 - 0x00007ffb8139b000 	C:\Windows\System32\WS2_32.dll
0x00007ffb670c0000 - 0x00007ffb670e7000 	C:\Windows\SYSTEM32\WINMM.dll
0x00007ffb766d0000 - 0x00007ffb766da000 	C:\Windows\SYSTEM32\VERSION.dll
0x00007ffb7e400000 - 0x00007ffb7e412000 	C:\Windows\SYSTEM32\kernel.appcore.dll
0x00007ffb75dd0000 - 0x00007ffb75dda000 	c:\Users\PRANIT\.vscode\extensions\redhat.java-1.12.0-win32-x64\jre\17.0.4.1-win32-x86_64\bin\jimage.dll
0x00007ffb7e0f0000 - 0x00007ffb7e2d4000 	C:\Windows\SYSTEM32\DBGHELP.DLL
0x00007ffb66fe0000 - 0x00007ffb6700c000 	C:\Windows\SYSTEM32\dbgcore.DLL
0x00007ffb80020000 - 0x00007ffb800a2000 	C:\Windows\System32\bcryptPrimitives.dll
0x00007ffb6f390000 - 0x00007ffb6f3b5000 	c:\Users\PRANIT\.vscode\extensions\redhat.java-1.12.0-win32-x64\jre\17.0.4.1-win32-x86_64\bin\java.dll
0x00007ffb6f060000 - 0x00007ffb6f078000 	c:\Users\PRANIT\.vscode\extensions\redhat.java-1.12.0-win32-x64\jre\17.0.4.1-win32-x86_64\bin\zip.dll
0x00007ffb81d60000 - 0x00007ffb824a3000 	C:\Windows\System32\SHELL32.dll
0x00007ffb7d950000 - 0x00007ffb7e0e2000 	C:\Windows\SYSTEM32\windows.storage.dll
0x00007ffb81970000 - 0x00007ffb81cc4000 	C:\Windows\System32\combase.dll
0x00007ffb7f5e0000 - 0x00007ffb7f610000 	C:\Windows\SYSTEM32\Wldp.dll
0x00007ffb80a60000 - 0x00007ffb80b0d000 	C:\Windows\System32\SHCORE.dll
0x00007ffb80d10000 - 0x00007ffb80d65000 	C:\Windows\System32\shlwapi.dll
0x00007ffb7fb30000 - 0x00007ffb7fb4f000 	C:\Windows\SYSTEM32\profapi.dll
0x00007ffb657b0000 - 0x00007ffb657c9000 	C:\Users\PRANIT\.vscode\extensions\redhat.java-1.12.0-win32-x64\jre\17.0.4.1-win32-x86_64\bin\net.dll
0x00007ffb763b0000 - 0x00007ffb764bc000 	C:\Windows\SYSTEM32\WINHTTP.dll
0x00007ffb7f2d0000 - 0x00007ffb7f33a000 	C:\Windows\system32\mswsock.dll
0x00007ffb60900000 - 0x00007ffb60915000 	C:\Users\PRANIT\.vscode\extensions\redhat.java-1.12.0-win32-x64\jre\17.0.4.1-win32-x86_64\bin\nio.dll
0x00007ffb6fb00000 - 0x00007ffb6fb10000 	c:\Users\PRANIT\.vscode\extensions\redhat.java-1.12.0-win32-x64\jre\17.0.4.1-win32-x86_64\bin\verify.dll
0x00007ffb6fa20000 - 0x00007ffb6fa29000 	C:\Users\PRANIT\.vscode\extensions\redhat.java-1.12.0-win32-x64\jre\17.0.4.1-win32-x86_64\bin\management.dll
0x00007ffb6f9b0000 - 0x00007ffb6f9bb000 	C:\Users\PRANIT\.vscode\extensions\redhat.java-1.12.0-win32-x64\jre\17.0.4.1-win32-x86_64\bin\management_ext.dll
0x00007ffb67140000 - 0x00007ffb67157000 	C:\Windows\system32\napinsp.dll
0x00007ffb62b40000 - 0x00007ffb62b5b000 	C:\Windows\system32\pnrpnsp.dll
0x00007ffb7abd0000 - 0x00007ffb7abe5000 	C:\Windows\system32\wshbth.dll
0x00007ffb7b180000 - 0x00007ffb7b19d000 	C:\Windows\system32\NLAapi.dll
0x00007ffb7efc0000 - 0x00007ffb7effb000 	C:\Windows\SYSTEM32\IPHLPAPI.DLL
0x00007ffb7f000000 - 0x00007ffb7f0ca000 	C:\Windows\SYSTEM32\DNSAPI.dll
0x00007ffb80c40000 - 0x00007ffb80c48000 	C:\Windows\System32\NSI.dll
0x00007ffb62b20000 - 0x00007ffb62b32000 	C:\Windows\System32\winrnr.dll
0x00007ffb76740000 - 0x00007ffb7674a000 	C:\Windows\System32\rasadhlp.dll
0x00007ffb6d6a0000 - 0x00007ffb6d720000 	C:\Windows\System32\fwpuclnt.dll
0x00007ffb7fc20000 - 0x00007ffb7fc47000 	C:\Windows\System32\bcrypt.dll
0x00007ffb7f540000 - 0x00007ffb7f558000 	C:\Windows\SYSTEM32\CRYPTSP.dll
0x00007ffb7ebc0000 - 0x00007ffb7ebf4000 	C:\Windows\system32\rsaenh.dll
0x00007ffb7faf0000 - 0x00007ffb7fb1e000 	C:\Windows\SYSTEM32\USERENV.dll
0x00007ffb7f530000 - 0x00007ffb7f53c000 	C:\Windows\SYSTEM32\CRYPTBASE.dll
0x00007ffb75a60000 - 0x00007ffb75a77000 	C:\Windows\SYSTEM32\dhcpcsvc6.DLL
0x00007ffb75a00000 - 0x00007ffb75a1d000 	C:\Windows\SYSTEM32\dhcpcsvc.DLL

dbghelp: loaded successfully - version: 4.0.5 - missing functions: none
symbol engine: initialized successfully - sym options: 0x614 - pdb path: .;c:\Users\PRANIT\.vscode\extensions\redhat.java-1.12.0-win32-x64\jre\17.0.4.1-win32-x86_64\bin;C:\Windows\SYSTEM32;C:\Windows\WinSxS\amd64_microsoft.windows.common-controls_6595b64144ccf1df_6.0.19041.1110_none_60b5254171f9507e;c:\Users\PRANIT\.vscode\extensions\redhat.java-1.12.0-win32-x64\jre\17.0.4.1-win32-x86_64\bin\server

VM Arguments:
jvm_args: -Dsts.lsp.client=vscode -Dsts.log.file=/dev/null -XX:TieredStopAtLevel=1 -Xlog:jni+resolve=off -Dspring.config.location=file:c:\Users\PRANIT\.vscode\extensions\pivotal.vscode-spring-boot-1.40.0\language-server\BOOT-INF\classes\application.properties 
java_command: org.springframework.ide.vscode.boot.app.BootLanguageServerBootApp
java_class_path (initial): c:\Users\PRANIT\.vscode\extensions\pivotal.vscode-spring-boot-1.40.0\language-server\BOOT-INF\classes;c:\Users\PRANIT\.vscode\extensions\pivotal.vscode-spring-boot-1.40.0\language-server\BOOT-INF\lib\annotations-23.0.0.jar;c:\Users\PRANIT\.vscode\extensions\pivotal.vscode-spring-boot-1.40.0\language-server\BOOT-INF\lib\ant-1.10.12.jar;c:\Users\PRANIT\.vscode\extensions\pivotal.vscode-spring-boot-1.40.0\language-server\BOOT-INF\lib\ant-launcher-1.10.12.jar;c:\Users\PRANIT\.vscode\extensions\pivotal.vscode-spring-boot-1.40.0\language-server\BOOT-INF\lib\antlr-runtime-3.5.2.jar;c:\Users\PRANIT\.vscode\extensions\pivotal.vscode-spring-boot-1.40.0\language-server\BOOT-INF\lib\antlr4-4.9.3.jar;c:\Users\PRANIT\.vscode\extensions\pivotal.vscode-spring-boot-1.40.0\language-server\BOOT-INF\lib\antlr4-runtime-4.9.3.jar;c:\Users\PRANIT\.vscode\extensions\pivotal.vscode-spring-boot-1.40.0\language-server\BOOT-INF\lib\asm-9.3.jar;c:\Users\PRANIT\.vscode\extensions\pivotal.vscode-spring-boot-1.40.0\language-server\BOOT-INF\lib\asm-analysis-9.3.jar;c:\Users\PRANIT\.vscode\extensions\pivotal.vscode-spring-boot-1.40.0\language-server\BOOT-INF\lib\asm-tree-9.3.jar;c:\Users\PRANIT\.vscode\extensions\pivotal.vscode-spring-boot-1.40.0\language-server\BOOT-INF\lib\asm-util-9.3.jar;c:\Users\PRANIT\.vscode\extensions\pivotal.vscode-spring-boot-1.40.0\language-server\BOOT-INF\lib\byte-buddy-1.12.13.jar;c:\Users\PRANIT\.vscode\extensions\pivotal.vscode-spring-boot-1.40.0\language-server\BOOT-INF\lib\caffeine-2.9.3.jar;c:\Users\PRANIT\.vscode\extensions\pivotal.vscode-spring-boot-1.40.0\language-server\BOOT-INF\lib\checker-qual-3.12.0.jar;c:\Users\PRANIT\.vscode\extensions\pivotal.vscode-spring-boot-1.40.0\language-server\BOOT-INF\lib\classgraph-4.8.149.jar;c:\Users\PRANIT\.vscode\extensions\pivotal.vscode-spring-boot-1.40.0\language-server\BOOT-INF\lib\commons-codec-1.15.jar;c:\Users\PRANIT\.vscode\extensions\pivotal.vscode-spring-boot-1.40.0\language-server\BOOT-
Launcher Type: SUN_STANDARD

[Global flags]
     intx CICompilerCount                          = 3                                         {product} {ergonomic}
     uint ConcGCThreads                            = 1                                         {product} {ergonomic}
     uint G1ConcRefinementThreads                  = 4                                         {product} {ergonomic}
   size_t G1HeapRegionSize                         = 1048576                                   {product} {ergonomic}
    uintx GCDrainStackTargetSize                   = 64                                        {product} {ergonomic}
   size_t InitialHeapSize                          = 65011712                                  {product} {ergonomic}
   size_t MarkStackSize                            = 4194304                                   {product} {ergonomic}
   size_t MaxHeapSize                              = 1019215872                                {product} {ergonomic}
   size_t MaxNewSize                               = 611319808                                 {product} {ergonomic}
   size_t MinHeapDeltaBytes                        = 1048576                                   {product} {ergonomic}
   size_t MinHeapSize                              = 8388608                                   {product} {ergonomic}
    uintx NonProfiledCodeHeapSize                  = 0                                      {pd product} {ergonomic}
     bool ProfileInterpreter                       = false                                  {pd product} {command line}
    uintx ProfiledCodeHeapSize                     = 0                                      {pd product} {ergonomic}
   size_t SoftMaxHeapSize                          = 1019215872                             {manageable} {ergonomic}
     intx TieredStopAtLevel                        = 1                                         {product} {command line}
     bool UseCompressedClassPointers               = true                           {product lp64_product} {ergonomic}
     bool UseCompressedOops                        = true                           {product lp64_product} {ergonomic}
     bool UseG1GC                                  = true                                      {product} {ergonomic}
     bool UseLargePagesIndividualAllocation        = false                                  {pd product} {ergonomic}

Logging:
Log output configuration:
 #0: stdout all=warning,jni+resolve=off uptime,level,tags
 #1: stderr all=off uptime,level,tags

Environment Variables:
JAVA_HOME=C:\Program Files\Android\Android Studio\jre
PATH=C:\Program Files\Common Files\Oracle\Java\javapath;C:\Windows\system32;C:\Windows;C:\Windows\System32\Wbem;C:\Windows\System32\WindowsPowerShell\v1.0\;C:\Windows\System32\OpenSSH\;C:\MinGW\bin;C:\GnuWin32\bin;C:\Program Files\Git\cmd;C:\Program Files\Docker\Docker\resources\bin;C:\ProgramData\DockerDesktop\version-bin;C:\Program Files\PostgreSQL\14\bin;C:\Program Files\nodejs\;C:\Program Files\dotnet\;C:\Program Files\Geth;C:\Program Files\MySQL\MySQL Shell 8.0\bin\;C:\Users\PRANIT\AppData\Local\Programs\Python\Python310\Scripts\;C:\Users\PRANIT\AppData\Local\Programs\Python\Python310\;C:\Users\PRANIT\AppData\Local\Microsoft\WindowsApps;C:\Users\PRANIT\AppData\Local\Programs\Microsoft VS Code\bin;C:\Program Files (x86)\GnuWin32\bin;C:\Program Files\Git\bin;C:\GNU-Prolog\bin;";C:\Program Files\nodejs\";C:\Users\PRANIT\AppData\Roaming\npm;C:\Users\PRANIT\AppData\Local\Android\Sdk\platform-tools;C:\Program Files\MongoDB\Server\5.0\bin;C:\Program Files\Java\jdk-19\bin;C:\Users\PRANIT\.web3j\web3j-cli-shadow-1.4.1\bin;C:\Program Files\MySQL\MySQL Server 8.0\bin;C:\Users\PRANIT\.epirus\epirus-cli-shadow-1.4.1\bin;
USERNAME=PRANIT
OS=Windows_NT
PROCESSOR_IDENTIFIER=Intel64 Family 6 Model 122 Stepping 8, GenuineIntel
TMP=C:\Users\PRANIT\AppData\Local\Temp
TEMP=C:\Users\PRANIT\AppData\Local\Temp



---------------  S Y S T E M  ---------------

OS:
 Windows 10 , 64 bit Build 19041 (10.0.19041.2251)
OS uptime: 13 days 14:28 hours
Hyper-V role detected

CPU: total 4 (initial active 4) (4 cores per cpu, 1 threads per core) family 6 model 122 stepping 8 microcode 0x20, cx8, cmov, fxsr, mmx, 3dnowpref, sse, sse2, sse3, ssse3, sse4.1, sse4.2, popcnt, tsc, tscinvbit, aes, erms, clmul, sha, clflush, clflushopt, hv

Memory: 4k page, system-wide physical 3885M (123M free)
TotalPageFile size 15661M (AvailPageFile size 9M)
current process WorkingSet (physical memory assigned to process): 56M, peak: 340M
current process commit charge ("private bytes"): 228M, peak: 605M

vm_info: OpenJDK 64-Bit Server VM (17.0.4.1+1) for windows-amd64 JRE (17.0.4.1+1), built on Aug 17 2022 07:42:43 by "temurin" with MS VC++ 16.7 (VS2019)

END.
